   1               		.file	"can_buffer.c"
   2               	__SP_H__ = 0x3e
   3               	__SP_L__ = 0x3d
   4               	__SREG__ = 0x3f
   5               	__tmp_reg__ = 0
   6               	__zero_reg__ = 1
   7               		.text
   8               	.Ltext0:
   9               		.cfi_sections	.debug_frame
  10               	.global	can_buffer_init
  12               	can_buffer_init:
  13               	.LVL0:
  14               	.LFB16:
  15               		.file 1 "can_buffer.c"
   1:can_buffer.c  **** // -----------------------------------------------------------------------------
   2:can_buffer.c  **** /*
   3:can_buffer.c  ****  * Copyright (c) 2007 Fabian Greif, Roboterclub Aachen e.V.
   4:can_buffer.c  ****  *  All rights reserved.
   5:can_buffer.c  ****  *
   6:can_buffer.c  ****  * Redistribution and use in source and binary forms, with or without
   7:can_buffer.c  ****  * modification, are permitted provided that the following conditions
   8:can_buffer.c  ****  * are met:
   9:can_buffer.c  ****  * 1. Redistributions of source code must retain the above copyright
  10:can_buffer.c  ****  *    notice, this list of conditions and the following disclaimer.
  11:can_buffer.c  ****  * 2. Redistributions in binary form must reproduce the above copyright
  12:can_buffer.c  ****  *    notice, this list of conditions and the following disclaimer in the
  13:can_buffer.c  ****  *    documentation and/or other materials provided with the distribution.
  14:can_buffer.c  ****  *
  15:can_buffer.c  ****  * THIS SOFTWARE IS PROVIDED BY THE AUTHOR AND CONTRIBUTORS ``AS IS'' AND
  16:can_buffer.c  ****  * ANY EXPRESS OR IMPLIED WARRANTIES, INCLUDING, BUT NOT LIMITED TO, THE
  17:can_buffer.c  ****  * IMPLIED WARRANTIES OF MERCHANTABILITY AND FITNESS FOR A PARTICULAR PURPOSE
  18:can_buffer.c  ****  * ARE DISCLAIMED.  IN NO EVENT SHALL THE REGENTS OR CONTRIBUTORS BE LIABLE
  19:can_buffer.c  ****  * FOR ANY DIRECT, INDIRECT, INCIDENTAL, SPECIAL, EXEMPLARY, OR CONSEQUENTIAL
  20:can_buffer.c  ****  * DAMAGES (INCLUDING, BUT NOT LIMITED TO, PROCUREMENT OF SUBSTITUTE GOODS
  21:can_buffer.c  ****  * OR SERVICES; LOSS OF USE, DATA, OR PROFITS; OR BUSINESS INTERRUPTION)
  22:can_buffer.c  ****  * HOWEVER CAUSED AND ON ANY THEORY OF LIABILITY, WHETHER IN CONTRACT, STRICT
  23:can_buffer.c  ****  * LIABILITY, OR TORT (INCLUDING NEGLIGENCE OR OTHERWISE) ARISING IN ANY WAY
  24:can_buffer.c  ****  * OUT OF THE USE OF THIS SOFTWARE, EVEN IF ADVISED OF THE POSSIBILITY OF
  25:can_buffer.c  ****  * SUCH DAMAGE.
  26:can_buffer.c  ****  *
  27:can_buffer.c  ****  * $Id: can_buffer.c 6837 2008-11-16 19:05:15Z fabian $
  28:can_buffer.c  ****  */
  29:can_buffer.c  **** // -----------------------------------------------------------------------------
  30:can_buffer.c  **** 
  31:can_buffer.c  **** #include "can_private.h"
  32:can_buffer.c  **** #include "can_buffer.h"
  33:can_buffer.c  **** #include "utils.h"
  34:can_buffer.c  **** 
  35:can_buffer.c  **** #if CAN_RX_BUFFER_SIZE > 0 || CAN_TX_BUFFER_SIZE > 0
  36:can_buffer.c  **** 
  37:can_buffer.c  **** // -----------------------------------------------------------------------------
  38:can_buffer.c  **** void can_buffer_init(can_buffer_t *buf, uint8_t size, can_t *list)
  39:can_buffer.c  **** {
  16               		.loc 1 39 1 view -0
  17               		.cfi_startproc
  18               	/* prologue: function */
  19               	/* frame size = 0 */
  20               	/* stack size = 0 */
  21               	.L__stack_usage = 0
  22               		.loc 1 39 1 is_stmt 0 view .LVU1
  23 0000 FC01      		movw r30,r24
  40:can_buffer.c  **** 	ENTER_CRITICAL_SECTION;
  24               		.loc 1 40 2 is_stmt 1 view .LVU2
  25               	.LBB27:
  26               		.loc 1 40 2 view .LVU3
  27 0002 8FB7      		in r24,__SREG__
  28               	.LVL1:
  29               	.LBB28:
  30               	.LBI28:
  31               		.file 2 "/opt/homebrew/Cellar/avr-gcc@9/9.3.0_3/avr/include/util/atomic.h"
   1:/opt/homebrew/Cellar/avr-gcc@9/9.3.0_3/avr/include/util/atomic.h **** /* Copyright (c) 2007 Dean Camera
   2:/opt/homebrew/Cellar/avr-gcc@9/9.3.0_3/avr/include/util/atomic.h ****    All rights reserved.
   3:/opt/homebrew/Cellar/avr-gcc@9/9.3.0_3/avr/include/util/atomic.h **** 
   4:/opt/homebrew/Cellar/avr-gcc@9/9.3.0_3/avr/include/util/atomic.h ****    Redistribution and use in source and binary forms, with or without
   5:/opt/homebrew/Cellar/avr-gcc@9/9.3.0_3/avr/include/util/atomic.h ****    modification, are permitted provided that the following conditions are met:
   6:/opt/homebrew/Cellar/avr-gcc@9/9.3.0_3/avr/include/util/atomic.h **** 
   7:/opt/homebrew/Cellar/avr-gcc@9/9.3.0_3/avr/include/util/atomic.h ****    * Redistributions of source code must retain the above copyright
   8:/opt/homebrew/Cellar/avr-gcc@9/9.3.0_3/avr/include/util/atomic.h ****      notice, this list of conditions and the following disclaimer.
   9:/opt/homebrew/Cellar/avr-gcc@9/9.3.0_3/avr/include/util/atomic.h **** 
  10:/opt/homebrew/Cellar/avr-gcc@9/9.3.0_3/avr/include/util/atomic.h ****    * Redistributions in binary form must reproduce the above copyright
  11:/opt/homebrew/Cellar/avr-gcc@9/9.3.0_3/avr/include/util/atomic.h ****      notice, this list of conditions and the following disclaimer in
  12:/opt/homebrew/Cellar/avr-gcc@9/9.3.0_3/avr/include/util/atomic.h ****      the documentation and/or other materials provided with the
  13:/opt/homebrew/Cellar/avr-gcc@9/9.3.0_3/avr/include/util/atomic.h ****      distribution.
  14:/opt/homebrew/Cellar/avr-gcc@9/9.3.0_3/avr/include/util/atomic.h **** 
  15:/opt/homebrew/Cellar/avr-gcc@9/9.3.0_3/avr/include/util/atomic.h ****    * Neither the name of the copyright holders nor the names of
  16:/opt/homebrew/Cellar/avr-gcc@9/9.3.0_3/avr/include/util/atomic.h ****      contributors may be used to endorse or promote products derived
  17:/opt/homebrew/Cellar/avr-gcc@9/9.3.0_3/avr/include/util/atomic.h ****      from this software without specific prior written permission.
  18:/opt/homebrew/Cellar/avr-gcc@9/9.3.0_3/avr/include/util/atomic.h **** 
  19:/opt/homebrew/Cellar/avr-gcc@9/9.3.0_3/avr/include/util/atomic.h ****   THIS SOFTWARE IS PROVIDED BY THE COPYRIGHT HOLDERS AND CONTRIBUTORS "AS IS"
  20:/opt/homebrew/Cellar/avr-gcc@9/9.3.0_3/avr/include/util/atomic.h ****   AND ANY EXPRESS OR IMPLIED WARRANTIES, INCLUDING, BUT NOT LIMITED TO, THE
  21:/opt/homebrew/Cellar/avr-gcc@9/9.3.0_3/avr/include/util/atomic.h ****   IMPLIED WARRANTIES OF MERCHANTABILITY AND FITNESS FOR A PARTICULAR PURPOSE
  22:/opt/homebrew/Cellar/avr-gcc@9/9.3.0_3/avr/include/util/atomic.h ****   ARE DISCLAIMED. IN NO EVENT SHALL THE COPYRIGHT OWNER OR CONTRIBUTORS BE
  23:/opt/homebrew/Cellar/avr-gcc@9/9.3.0_3/avr/include/util/atomic.h ****   LIABLE FOR ANY DIRECT, INDIRECT, INCIDENTAL, SPECIAL, EXEMPLARY, OR
  24:/opt/homebrew/Cellar/avr-gcc@9/9.3.0_3/avr/include/util/atomic.h ****   CONSEQUENTIAL DAMAGES (INCLUDING, BUT NOT LIMITED TO, PROCUREMENT OF
  25:/opt/homebrew/Cellar/avr-gcc@9/9.3.0_3/avr/include/util/atomic.h ****   SUBSTITUTE GOODS OR SERVICES; LOSS OF USE, DATA, OR PROFITS; OR BUSINESS
  26:/opt/homebrew/Cellar/avr-gcc@9/9.3.0_3/avr/include/util/atomic.h ****   INTERRUPTION) HOWEVER CAUSED AND ON ANY THEORY OF LIABILITY, WHETHER IN
  27:/opt/homebrew/Cellar/avr-gcc@9/9.3.0_3/avr/include/util/atomic.h ****   CONTRACT, STRICT LIABILITY, OR TORT (INCLUDING NEGLIGENCE OR OTHERWISE)
  28:/opt/homebrew/Cellar/avr-gcc@9/9.3.0_3/avr/include/util/atomic.h ****   ARISING IN ANY WAY OUT OF THE USE OF THIS SOFTWARE, EVEN IF ADVISED OF THE
  29:/opt/homebrew/Cellar/avr-gcc@9/9.3.0_3/avr/include/util/atomic.h ****   POSSIBILITY OF SUCH DAMAGE.
  30:/opt/homebrew/Cellar/avr-gcc@9/9.3.0_3/avr/include/util/atomic.h **** */
  31:/opt/homebrew/Cellar/avr-gcc@9/9.3.0_3/avr/include/util/atomic.h **** 
  32:/opt/homebrew/Cellar/avr-gcc@9/9.3.0_3/avr/include/util/atomic.h **** /* $Id: atomic.h 2158 2010-06-10 15:48:28Z joerg_wunsch $ */
  33:/opt/homebrew/Cellar/avr-gcc@9/9.3.0_3/avr/include/util/atomic.h **** 
  34:/opt/homebrew/Cellar/avr-gcc@9/9.3.0_3/avr/include/util/atomic.h **** #ifndef _UTIL_ATOMIC_H_
  35:/opt/homebrew/Cellar/avr-gcc@9/9.3.0_3/avr/include/util/atomic.h **** #define _UTIL_ATOMIC_H_ 1
  36:/opt/homebrew/Cellar/avr-gcc@9/9.3.0_3/avr/include/util/atomic.h **** 
  37:/opt/homebrew/Cellar/avr-gcc@9/9.3.0_3/avr/include/util/atomic.h **** #include <avr/io.h>
  38:/opt/homebrew/Cellar/avr-gcc@9/9.3.0_3/avr/include/util/atomic.h **** #include <avr/interrupt.h>
  39:/opt/homebrew/Cellar/avr-gcc@9/9.3.0_3/avr/include/util/atomic.h **** 
  40:/opt/homebrew/Cellar/avr-gcc@9/9.3.0_3/avr/include/util/atomic.h **** #if !defined(__DOXYGEN__)
  41:/opt/homebrew/Cellar/avr-gcc@9/9.3.0_3/avr/include/util/atomic.h **** /* Internal helper functions. */
  42:/opt/homebrew/Cellar/avr-gcc@9/9.3.0_3/avr/include/util/atomic.h **** static __inline__ uint8_t __iSeiRetVal(void)
  43:/opt/homebrew/Cellar/avr-gcc@9/9.3.0_3/avr/include/util/atomic.h **** {
  44:/opt/homebrew/Cellar/avr-gcc@9/9.3.0_3/avr/include/util/atomic.h ****     sei();
  45:/opt/homebrew/Cellar/avr-gcc@9/9.3.0_3/avr/include/util/atomic.h ****     return 1;
  46:/opt/homebrew/Cellar/avr-gcc@9/9.3.0_3/avr/include/util/atomic.h **** }
  47:/opt/homebrew/Cellar/avr-gcc@9/9.3.0_3/avr/include/util/atomic.h **** 
  48:/opt/homebrew/Cellar/avr-gcc@9/9.3.0_3/avr/include/util/atomic.h **** static __inline__ uint8_t __iCliRetVal(void)
  32               		.loc 2 48 27 view .LVU4
  33               	.LBB29:
  49:/opt/homebrew/Cellar/avr-gcc@9/9.3.0_3/avr/include/util/atomic.h **** {
  50:/opt/homebrew/Cellar/avr-gcc@9/9.3.0_3/avr/include/util/atomic.h ****     cli();
  34               		.loc 2 50 5 view .LVU5
  35               	/* #APP */
  36               	 ;  50 "/opt/homebrew/Cellar/avr-gcc@9/9.3.0_3/avr/include/util/atomic.h" 1
  37 0004 F894      		cli
  38               	 ;  0 "" 2
  51:/opt/homebrew/Cellar/avr-gcc@9/9.3.0_3/avr/include/util/atomic.h ****     return 1;
  39               		.loc 2 51 5 view .LVU6
  40               	.LVL2:
  41               		.loc 2 51 5 is_stmt 0 view .LVU7
  42               	/* #NOAPP */
  43               	.LBE29:
  44               	.LBE28:
  45               		.loc 1 40 2 is_stmt 1 view .LVU8
  46               		.loc 1 40 24 view .LVU9
  41:can_buffer.c  **** 	buf->size = size;
  47               		.loc 1 41 2 view .LVU10
  48               		.loc 1 41 12 is_stmt 0 view .LVU11
  49 0006 6283      		std Z+2,r22
  42:can_buffer.c  **** 	buf->buf = list;
  50               		.loc 1 42 2 is_stmt 1 view .LVU12
  51               		.loc 1 42 11 is_stmt 0 view .LVU13
  52 0008 4083      		st Z,r20
  53 000a 5183      		std Z+1,r21
  43:can_buffer.c  **** 	
  44:can_buffer.c  **** 	buf->head = 0;
  54               		.loc 1 44 2 is_stmt 1 view .LVU14
  55               		.loc 1 44 12 is_stmt 0 view .LVU15
  56 000c 1482      		std Z+4,__zero_reg__
  45:can_buffer.c  **** 	buf->tail = 0;
  57               		.loc 1 45 2 is_stmt 1 view .LVU16
  58               		.loc 1 45 12 is_stmt 0 view .LVU17
  59 000e 1582      		std Z+5,__zero_reg__
  46:can_buffer.c  **** 	buf->used = 0;
  60               		.loc 1 46 2 is_stmt 1 view .LVU18
  61               		.loc 1 46 12 is_stmt 0 view .LVU19
  62 0010 1382      		std Z+3,__zero_reg__
  40:can_buffer.c  **** 	buf->size = size;
  63               		.loc 1 40 2 is_stmt 1 view .LVU20
  64               	.LVL3:
  40:can_buffer.c  **** 	buf->size = size;
  65               		.loc 1 40 2 view .LVU21
  66               	.LBB30:
  67               	.LBI30:
  52:/opt/homebrew/Cellar/avr-gcc@9/9.3.0_3/avr/include/util/atomic.h **** }
  53:/opt/homebrew/Cellar/avr-gcc@9/9.3.0_3/avr/include/util/atomic.h **** 
  54:/opt/homebrew/Cellar/avr-gcc@9/9.3.0_3/avr/include/util/atomic.h **** static __inline__ void __iSeiParam(const uint8_t *__s)
  55:/opt/homebrew/Cellar/avr-gcc@9/9.3.0_3/avr/include/util/atomic.h **** {
  56:/opt/homebrew/Cellar/avr-gcc@9/9.3.0_3/avr/include/util/atomic.h ****     sei();
  57:/opt/homebrew/Cellar/avr-gcc@9/9.3.0_3/avr/include/util/atomic.h ****     __asm__ volatile ("" ::: "memory");
  58:/opt/homebrew/Cellar/avr-gcc@9/9.3.0_3/avr/include/util/atomic.h ****     (void)__s;
  59:/opt/homebrew/Cellar/avr-gcc@9/9.3.0_3/avr/include/util/atomic.h **** }
  60:/opt/homebrew/Cellar/avr-gcc@9/9.3.0_3/avr/include/util/atomic.h **** 
  61:/opt/homebrew/Cellar/avr-gcc@9/9.3.0_3/avr/include/util/atomic.h **** static __inline__ void __iCliParam(const uint8_t *__s)
  62:/opt/homebrew/Cellar/avr-gcc@9/9.3.0_3/avr/include/util/atomic.h **** {
  63:/opt/homebrew/Cellar/avr-gcc@9/9.3.0_3/avr/include/util/atomic.h ****     cli();
  64:/opt/homebrew/Cellar/avr-gcc@9/9.3.0_3/avr/include/util/atomic.h ****     __asm__ volatile ("" ::: "memory");
  65:/opt/homebrew/Cellar/avr-gcc@9/9.3.0_3/avr/include/util/atomic.h ****     (void)__s;
  66:/opt/homebrew/Cellar/avr-gcc@9/9.3.0_3/avr/include/util/atomic.h **** }
  67:/opt/homebrew/Cellar/avr-gcc@9/9.3.0_3/avr/include/util/atomic.h **** 
  68:/opt/homebrew/Cellar/avr-gcc@9/9.3.0_3/avr/include/util/atomic.h **** static __inline__ void __iRestore(const  uint8_t *__s)
  68               		.loc 2 68 24 view .LVU22
  69               	.LBB31:
  69:/opt/homebrew/Cellar/avr-gcc@9/9.3.0_3/avr/include/util/atomic.h **** {
  70:/opt/homebrew/Cellar/avr-gcc@9/9.3.0_3/avr/include/util/atomic.h ****     SREG = *__s;
  70               		.loc 2 70 5 view .LVU23
  71               		.loc 2 70 10 is_stmt 0 view .LVU24
  72 0012 8FBF      		out __SREG__,r24
  71:/opt/homebrew/Cellar/avr-gcc@9/9.3.0_3/avr/include/util/atomic.h ****     __asm__ volatile ("" ::: "memory");
  73               		.loc 2 71 5 is_stmt 1 view .LVU25
  74               	.LVL4:
  75               		.loc 2 71 5 is_stmt 0 view .LVU26
  76               	.LBE31:
  77               	.LBE30:
  78               	.LBE27:
  47:can_buffer.c  **** 	LEAVE_CRITICAL_SECTION;
  79               		.loc 1 47 24 is_stmt 1 view .LVU27
  80               	/* epilogue start */
  48:can_buffer.c  **** }
  81               		.loc 1 48 1 is_stmt 0 view .LVU28
  82 0014 0895      		ret
  83               		.cfi_endproc
  84               	.LFE16:
  86               	.global	can_buffer_empty
  88               	can_buffer_empty:
  89               	.LVL5:
  90               	.LFB17:
  49:can_buffer.c  **** 
  50:can_buffer.c  **** // -----------------------------------------------------------------------------
  51:can_buffer.c  **** bool can_buffer_empty(can_buffer_t *buf)
  52:can_buffer.c  **** {
  91               		.loc 1 52 1 is_stmt 1 view -0
  92               		.cfi_startproc
  93               	/* prologue: function */
  94               	/* frame size = 0 */
  95               	/* stack size = 0 */
  96               	.L__stack_usage = 0
  97               		.loc 1 52 1 is_stmt 0 view .LVU30
  98 0016 FC01      		movw r30,r24
  53:can_buffer.c  **** 	uint8_t used;
  99               		.loc 1 53 2 is_stmt 1 view .LVU31
  54:can_buffer.c  **** 	
  55:can_buffer.c  **** 	ENTER_CRITICAL_SECTION;
 100               		.loc 1 55 2 view .LVU32
 101               	.LBB32:
 102               		.loc 1 55 2 view .LVU33
 103 0018 8FB7      		in r24,__SREG__
 104               	.LVL6:
 105               	.LBB33:
 106               	.LBI33:
  48:/opt/homebrew/Cellar/avr-gcc@9/9.3.0_3/avr/include/util/atomic.h **** {
 107               		.loc 2 48 27 view .LVU34
 108               	.LBB34:
  50:/opt/homebrew/Cellar/avr-gcc@9/9.3.0_3/avr/include/util/atomic.h ****     return 1;
 109               		.loc 2 50 5 view .LVU35
 110               	/* #APP */
 111               	 ;  50 "/opt/homebrew/Cellar/avr-gcc@9/9.3.0_3/avr/include/util/atomic.h" 1
 112 001a F894      		cli
 113               	 ;  0 "" 2
  51:/opt/homebrew/Cellar/avr-gcc@9/9.3.0_3/avr/include/util/atomic.h **** }
 114               		.loc 2 51 5 view .LVU36
 115               	.LVL7:
  51:/opt/homebrew/Cellar/avr-gcc@9/9.3.0_3/avr/include/util/atomic.h **** }
 116               		.loc 2 51 5 is_stmt 0 view .LVU37
 117               	/* #NOAPP */
 118               	.LBE34:
 119               	.LBE33:
 120               		.loc 1 55 2 is_stmt 1 view .LVU38
 121               		.loc 1 55 24 view .LVU39
  56:can_buffer.c  **** 	used = buf->used;
 122               		.loc 1 56 2 view .LVU40
 123               		.loc 1 56 7 is_stmt 0 view .LVU41
 124 001c 9381      		ldd r25,Z+3
 125               	.LVL8:
  55:can_buffer.c  **** 	used = buf->used;
 126               		.loc 1 55 2 is_stmt 1 view .LVU42
  55:can_buffer.c  **** 	used = buf->used;
 127               		.loc 1 55 2 view .LVU43
 128               	.LBB35:
 129               	.LBI35:
  68:/opt/homebrew/Cellar/avr-gcc@9/9.3.0_3/avr/include/util/atomic.h **** {
 130               		.loc 2 68 24 view .LVU44
 131               	.LBB36:
  70:/opt/homebrew/Cellar/avr-gcc@9/9.3.0_3/avr/include/util/atomic.h ****     __asm__ volatile ("" ::: "memory");
 132               		.loc 2 70 5 view .LVU45
  70:/opt/homebrew/Cellar/avr-gcc@9/9.3.0_3/avr/include/util/atomic.h ****     __asm__ volatile ("" ::: "memory");
 133               		.loc 2 70 10 is_stmt 0 view .LVU46
 134 001e 8FBF      		out __SREG__,r24
 135               		.loc 2 71 5 is_stmt 1 view .LVU47
 136               	.LVL9:
 137               		.loc 2 71 5 is_stmt 0 view .LVU48
 138               	.LBE36:
 139               	.LBE35:
 140               	.LBE32:
  57:can_buffer.c  **** 	LEAVE_CRITICAL_SECTION;
 141               		.loc 1 57 24 is_stmt 1 view .LVU49
  58:can_buffer.c  **** 	
  59:can_buffer.c  **** 	if (used == 0)
 142               		.loc 1 59 2 view .LVU50
 143               		.loc 1 59 5 is_stmt 0 view .LVU51
 144 0020 81E0      		ldi r24,lo8(1)
 145 0022 9111      		cpse r25,__zero_reg__
 146 0024 80E0      		ldi r24,0
 147               	.L3:
 148               	/* epilogue start */
  60:can_buffer.c  **** 		return true;
  61:can_buffer.c  **** 	else
  62:can_buffer.c  **** 		return false;
  63:can_buffer.c  **** }
 149               		.loc 1 63 1 view .LVU52
 150 0026 0895      		ret
 151               		.cfi_endproc
 152               	.LFE17:
 154               	.global	can_buffer_full
 156               	can_buffer_full:
 157               	.LVL10:
 158               	.LFB18:
  64:can_buffer.c  **** 
  65:can_buffer.c  **** // -----------------------------------------------------------------------------
  66:can_buffer.c  **** bool can_buffer_full(can_buffer_t *buf)
  67:can_buffer.c  **** {
 159               		.loc 1 67 1 is_stmt 1 view -0
 160               		.cfi_startproc
 161               	/* prologue: function */
 162               	/* frame size = 0 */
 163               	/* stack size = 0 */
 164               	.L__stack_usage = 0
 165               		.loc 1 67 1 is_stmt 0 view .LVU54
 166 0028 FC01      		movw r30,r24
  68:can_buffer.c  **** 	uint8_t used;
 167               		.loc 1 68 2 is_stmt 1 view .LVU55
  69:can_buffer.c  **** 	uint8_t size;
 168               		.loc 1 69 2 view .LVU56
  70:can_buffer.c  **** 	
  71:can_buffer.c  **** 	ENTER_CRITICAL_SECTION;
 169               		.loc 1 71 2 view .LVU57
 170               	.LBB37:
 171               		.loc 1 71 2 view .LVU58
 172 002a 8FB7      		in r24,__SREG__
 173               	.LVL11:
 174               	.LBB38:
 175               	.LBI38:
  48:/opt/homebrew/Cellar/avr-gcc@9/9.3.0_3/avr/include/util/atomic.h **** {
 176               		.loc 2 48 27 view .LVU59
 177               	.LBB39:
  50:/opt/homebrew/Cellar/avr-gcc@9/9.3.0_3/avr/include/util/atomic.h ****     return 1;
 178               		.loc 2 50 5 view .LVU60
 179               	/* #APP */
 180               	 ;  50 "/opt/homebrew/Cellar/avr-gcc@9/9.3.0_3/avr/include/util/atomic.h" 1
 181 002c F894      		cli
 182               	 ;  0 "" 2
  51:/opt/homebrew/Cellar/avr-gcc@9/9.3.0_3/avr/include/util/atomic.h **** }
 183               		.loc 2 51 5 view .LVU61
 184               	.LVL12:
  51:/opt/homebrew/Cellar/avr-gcc@9/9.3.0_3/avr/include/util/atomic.h **** }
 185               		.loc 2 51 5 is_stmt 0 view .LVU62
 186               	/* #NOAPP */
 187               	.LBE39:
 188               	.LBE38:
 189               		.loc 1 71 2 is_stmt 1 view .LVU63
 190               		.loc 1 71 24 view .LVU64
  72:can_buffer.c  **** 	used = buf->used;
 191               		.loc 1 72 2 view .LVU65
 192               		.loc 1 72 7 is_stmt 0 view .LVU66
 193 002e 2381      		ldd r18,Z+3
 194               	.LVL13:
  73:can_buffer.c  **** 	size = buf->size;
 195               		.loc 1 73 2 is_stmt 1 view .LVU67
 196               		.loc 1 73 7 is_stmt 0 view .LVU68
 197 0030 9281      		ldd r25,Z+2
 198               	.LVL14:
  71:can_buffer.c  **** 	used = buf->used;
 199               		.loc 1 71 2 is_stmt 1 view .LVU69
  71:can_buffer.c  **** 	used = buf->used;
 200               		.loc 1 71 2 view .LVU70
 201               	.LBB40:
 202               	.LBI40:
  68:/opt/homebrew/Cellar/avr-gcc@9/9.3.0_3/avr/include/util/atomic.h **** {
 203               		.loc 2 68 24 view .LVU71
 204               	.LBB41:
  70:/opt/homebrew/Cellar/avr-gcc@9/9.3.0_3/avr/include/util/atomic.h ****     __asm__ volatile ("" ::: "memory");
 205               		.loc 2 70 5 view .LVU72
  70:/opt/homebrew/Cellar/avr-gcc@9/9.3.0_3/avr/include/util/atomic.h ****     __asm__ volatile ("" ::: "memory");
 206               		.loc 2 70 10 is_stmt 0 view .LVU73
 207 0032 8FBF      		out __SREG__,r24
 208               		.loc 2 71 5 is_stmt 1 view .LVU74
 209               	.LVL15:
 210               		.loc 2 71 5 is_stmt 0 view .LVU75
 211               	.LBE41:
 212               	.LBE40:
 213               	.LBE37:
  74:can_buffer.c  **** 	LEAVE_CRITICAL_SECTION;
 214               		.loc 1 74 24 is_stmt 1 view .LVU76
  75:can_buffer.c  **** 	
  76:can_buffer.c  **** 	if (used >= size)
 215               		.loc 1 76 2 view .LVU77
 216               		.loc 1 76 5 is_stmt 0 view .LVU78
 217 0034 81E0      		ldi r24,lo8(1)
 218 0036 2917      		cp r18,r25
 219 0038 00F4      		brsh .L8
 220 003a 80E0      		ldi r24,0
 221               	.L8:
 222               	/* epilogue start */
  77:can_buffer.c  **** 		return true;
  78:can_buffer.c  **** 	else
  79:can_buffer.c  **** 		return false;
  80:can_buffer.c  **** }
 223               		.loc 1 80 1 view .LVU79
 224 003c 0895      		ret
 225               		.cfi_endproc
 226               	.LFE18:
 228               	.global	can_buffer_get_enqueue_ptr
 230               	can_buffer_get_enqueue_ptr:
 231               	.LVL16:
 232               	.LFB19:
  81:can_buffer.c  **** 
  82:can_buffer.c  **** // -----------------------------------------------------------------------------
  83:can_buffer.c  **** can_t *can_buffer_get_enqueue_ptr(can_buffer_t *buf)
  84:can_buffer.c  **** {
 233               		.loc 1 84 1 is_stmt 1 view -0
 234               		.cfi_startproc
 235               		.loc 1 84 1 is_stmt 0 view .LVU81
 236 003e CF93      		push r28
 237               	.LCFI0:
 238               		.cfi_def_cfa_offset 3
 239               		.cfi_offset 28, -2
 240 0040 DF93      		push r29
 241               	.LCFI1:
 242               		.cfi_def_cfa_offset 4
 243               		.cfi_offset 29, -3
 244               	/* prologue: function */
 245               	/* frame size = 0 */
 246               	/* stack size = 2 */
 247               	.L__stack_usage = 2
 248 0042 EC01      		movw r28,r24
  85:can_buffer.c  **** 	if (can_buffer_full( buf ))
 249               		.loc 1 85 2 is_stmt 1 view .LVU82
 250               		.loc 1 85 6 is_stmt 0 view .LVU83
 251 0044 0E94 0000 		call can_buffer_full
 252               	.LVL17:
 253               		.loc 1 85 5 view .LVU84
 254 0048 8111      		cpse r24,__zero_reg__
 255 004a 00C0      		rjmp .L11
  86:can_buffer.c  **** 		return NULL;
  87:can_buffer.c  **** 	
  88:can_buffer.c  **** 	return &buf->buf[buf->head];
 256               		.loc 1 88 2 is_stmt 1 view .LVU85
 257               		.loc 1 88 18 is_stmt 0 view .LVU86
 258 004c 2C81      		ldd r18,Y+4
 259               		.loc 1 88 9 view .LVU87
 260 004e 8881      		ld r24,Y
 261 0050 9981      		ldd r25,Y+1
 262 0052 3CE0      		ldi r19,lo8(12)
 263 0054 239F      		mul r18,r19
 264 0056 800D      		add r24,r0
 265 0058 911D      		adc r25,r1
 266 005a 1124      		clr __zero_reg__
 267               	.L9:
 268               	/* epilogue start */
  89:can_buffer.c  **** }
 269               		.loc 1 89 1 view .LVU88
 270 005c DF91      		pop r29
 271 005e CF91      		pop r28
 272               	.LVL18:
 273               		.loc 1 89 1 view .LVU89
 274 0060 0895      		ret
 275               	.LVL19:
 276               	.L11:
  86:can_buffer.c  **** 		return NULL;
 277               		.loc 1 86 10 view .LVU90
 278 0062 90E0      		ldi r25,0
 279 0064 80E0      		ldi r24,0
 280 0066 00C0      		rjmp .L9
 281               		.cfi_endproc
 282               	.LFE19:
 284               	.global	can_buffer_enqueue
 286               	can_buffer_enqueue:
 287               	.LVL20:
 288               	.LFB20:
  90:can_buffer.c  **** 
  91:can_buffer.c  **** // -----------------------------------------------------------------------------
  92:can_buffer.c  **** void can_buffer_enqueue(can_buffer_t *buf)
  93:can_buffer.c  **** {
 289               		.loc 1 93 1 is_stmt 1 view -0
 290               		.cfi_startproc
 291               	/* prologue: function */
 292               	/* frame size = 0 */
 293               	/* stack size = 0 */
 294               	.L__stack_usage = 0
 295               		.loc 1 93 1 is_stmt 0 view .LVU92
 296 0068 FC01      		movw r30,r24
  94:can_buffer.c  **** 	ENTER_CRITICAL_SECTION;
 297               		.loc 1 94 2 is_stmt 1 view .LVU93
 298               	.LBB42:
 299               		.loc 1 94 2 view .LVU94
 300 006a 9FB7      		in r25,__SREG__
 301               	.LVL21:
 302               	.LBB43:
 303               	.LBI43:
  48:/opt/homebrew/Cellar/avr-gcc@9/9.3.0_3/avr/include/util/atomic.h **** {
 304               		.loc 2 48 27 view .LVU95
 305               	.LBB44:
  50:/opt/homebrew/Cellar/avr-gcc@9/9.3.0_3/avr/include/util/atomic.h ****     return 1;
 306               		.loc 2 50 5 view .LVU96
 307               	/* #APP */
 308               	 ;  50 "/opt/homebrew/Cellar/avr-gcc@9/9.3.0_3/avr/include/util/atomic.h" 1
 309 006c F894      		cli
 310               	 ;  0 "" 2
  51:/opt/homebrew/Cellar/avr-gcc@9/9.3.0_3/avr/include/util/atomic.h **** }
 311               		.loc 2 51 5 view .LVU97
 312               	.LVL22:
  51:/opt/homebrew/Cellar/avr-gcc@9/9.3.0_3/avr/include/util/atomic.h **** }
 313               		.loc 2 51 5 is_stmt 0 view .LVU98
 314               	/* #NOAPP */
 315               	.LBE44:
 316               	.LBE43:
 317               		.loc 1 94 2 is_stmt 1 view .LVU99
 318               		.loc 1 94 24 view .LVU100
  95:can_buffer.c  **** 	buf->used ++;
 319               		.loc 1 95 2 view .LVU101
 320               		.loc 1 95 12 is_stmt 0 view .LVU102
 321 006e 8381      		ldd r24,Z+3
 322               	.LVL23:
 323               		.loc 1 95 12 view .LVU103
 324 0070 8F5F      		subi r24,lo8(-(1))
 325 0072 8383      		std Z+3,r24
  96:can_buffer.c  **** 	if (++buf->head >= buf->size)
 326               		.loc 1 96 2 is_stmt 1 view .LVU104
 327               		.loc 1 96 6 is_stmt 0 view .LVU105
 328 0074 8481      		ldd r24,Z+4
 329 0076 8F5F      		subi r24,lo8(-(1))
 330               		.loc 1 96 5 view .LVU106
 331 0078 8483      		std Z+4,r24
 332 007a 2281      		ldd r18,Z+2
 333 007c 8217      		cp r24,r18
 334 007e 00F0      		brlo .L13
  97:can_buffer.c  **** 		buf->head = 0;
 335               		.loc 1 97 3 is_stmt 1 view .LVU107
 336               		.loc 1 97 13 is_stmt 0 view .LVU108
 337 0080 1482      		std Z+4,__zero_reg__
 338               	.L13:
  94:can_buffer.c  **** 	buf->used ++;
 339               		.loc 1 94 2 is_stmt 1 discriminator 2 view .LVU109
 340               	.LVL24:
  94:can_buffer.c  **** 	buf->used ++;
 341               		.loc 1 94 2 discriminator 2 view .LVU110
 342               	.LBB45:
 343               	.LBI45:
  68:/opt/homebrew/Cellar/avr-gcc@9/9.3.0_3/avr/include/util/atomic.h **** {
 344               		.loc 2 68 24 discriminator 2 view .LVU111
 345               	.LBB46:
  70:/opt/homebrew/Cellar/avr-gcc@9/9.3.0_3/avr/include/util/atomic.h ****     __asm__ volatile ("" ::: "memory");
 346               		.loc 2 70 5 discriminator 2 view .LVU112
  70:/opt/homebrew/Cellar/avr-gcc@9/9.3.0_3/avr/include/util/atomic.h ****     __asm__ volatile ("" ::: "memory");
 347               		.loc 2 70 10 is_stmt 0 discriminator 2 view .LVU113
 348 0082 9FBF      		out __SREG__,r25
 349               		.loc 2 71 5 is_stmt 1 discriminator 2 view .LVU114
 350               	.LVL25:
 351               		.loc 2 71 5 is_stmt 0 discriminator 2 view .LVU115
 352               	.LBE46:
 353               	.LBE45:
 354               	.LBE42:
  98:can_buffer.c  **** 	LEAVE_CRITICAL_SECTION;
 355               		.loc 1 98 24 is_stmt 1 discriminator 2 view .LVU116
 356               	/* epilogue start */
  99:can_buffer.c  **** }
 357               		.loc 1 99 1 is_stmt 0 discriminator 2 view .LVU117
 358 0084 0895      		ret
 359               		.cfi_endproc
 360               	.LFE20:
 362               	.global	can_buffer_get_dequeue_ptr
 364               	can_buffer_get_dequeue_ptr:
 365               	.LVL26:
 366               	.LFB21:
 100:can_buffer.c  **** 
 101:can_buffer.c  **** // -----------------------------------------------------------------------------
 102:can_buffer.c  **** can_t *can_buffer_get_dequeue_ptr(can_buffer_t *buf)
 103:can_buffer.c  **** {
 367               		.loc 1 103 1 is_stmt 1 view -0
 368               		.cfi_startproc
 369               		.loc 1 103 1 is_stmt 0 view .LVU119
 370 0086 CF93      		push r28
 371               	.LCFI2:
 372               		.cfi_def_cfa_offset 3
 373               		.cfi_offset 28, -2
 374 0088 DF93      		push r29
 375               	.LCFI3:
 376               		.cfi_def_cfa_offset 4
 377               		.cfi_offset 29, -3
 378               	/* prologue: function */
 379               	/* frame size = 0 */
 380               	/* stack size = 2 */
 381               	.L__stack_usage = 2
 382 008a EC01      		movw r28,r24
 104:can_buffer.c  **** 	if (can_buffer_empty( buf ))
 383               		.loc 1 104 2 is_stmt 1 view .LVU120
 384               		.loc 1 104 6 is_stmt 0 view .LVU121
 385 008c 0E94 0000 		call can_buffer_empty
 386               	.LVL27:
 387               		.loc 1 104 5 view .LVU122
 388 0090 8111      		cpse r24,__zero_reg__
 389 0092 00C0      		rjmp .L16
 105:can_buffer.c  **** 		return NULL;
 106:can_buffer.c  **** 	
 107:can_buffer.c  **** 	return &buf->buf[buf->tail];
 390               		.loc 1 107 2 is_stmt 1 view .LVU123
 391               		.loc 1 107 18 is_stmt 0 view .LVU124
 392 0094 2D81      		ldd r18,Y+5
 393               		.loc 1 107 9 view .LVU125
 394 0096 8881      		ld r24,Y
 395 0098 9981      		ldd r25,Y+1
 396 009a 3CE0      		ldi r19,lo8(12)
 397 009c 239F      		mul r18,r19
 398 009e 800D      		add r24,r0
 399 00a0 911D      		adc r25,r1
 400 00a2 1124      		clr __zero_reg__
 401               	.L14:
 402               	/* epilogue start */
 108:can_buffer.c  **** }
 403               		.loc 1 108 1 view .LVU126
 404 00a4 DF91      		pop r29
 405 00a6 CF91      		pop r28
 406               	.LVL28:
 407               		.loc 1 108 1 view .LVU127
 408 00a8 0895      		ret
 409               	.LVL29:
 410               	.L16:
 105:can_buffer.c  **** 		return NULL;
 411               		.loc 1 105 10 view .LVU128
 412 00aa 90E0      		ldi r25,0
 413 00ac 80E0      		ldi r24,0
 414 00ae 00C0      		rjmp .L14
 415               		.cfi_endproc
 416               	.LFE21:
 418               	.global	can_buffer_dequeue
 420               	can_buffer_dequeue:
 421               	.LVL30:
 422               	.LFB22:
 109:can_buffer.c  **** 
 110:can_buffer.c  **** // -----------------------------------------------------------------------------
 111:can_buffer.c  **** void can_buffer_dequeue(can_buffer_t *buf)
 112:can_buffer.c  **** {
 423               		.loc 1 112 1 is_stmt 1 view -0
 424               		.cfi_startproc
 425               	/* prologue: function */
 426               	/* frame size = 0 */
 427               	/* stack size = 0 */
 428               	.L__stack_usage = 0
 429               		.loc 1 112 1 is_stmt 0 view .LVU130
 430 00b0 FC01      		movw r30,r24
 113:can_buffer.c  **** 	ENTER_CRITICAL_SECTION;
 431               		.loc 1 113 2 is_stmt 1 view .LVU131
 432               	.LBB47:
 433               		.loc 1 113 2 view .LVU132
 434 00b2 9FB7      		in r25,__SREG__
 435               	.LVL31:
 436               	.LBB48:
 437               	.LBI48:
  48:/opt/homebrew/Cellar/avr-gcc@9/9.3.0_3/avr/include/util/atomic.h **** {
 438               		.loc 2 48 27 view .LVU133
 439               	.LBB49:
  50:/opt/homebrew/Cellar/avr-gcc@9/9.3.0_3/avr/include/util/atomic.h ****     return 1;
 440               		.loc 2 50 5 view .LVU134
 441               	/* #APP */
 442               	 ;  50 "/opt/homebrew/Cellar/avr-gcc@9/9.3.0_3/avr/include/util/atomic.h" 1
 443 00b4 F894      		cli
 444               	 ;  0 "" 2
  51:/opt/homebrew/Cellar/avr-gcc@9/9.3.0_3/avr/include/util/atomic.h **** }
 445               		.loc 2 51 5 view .LVU135
 446               	.LVL32:
  51:/opt/homebrew/Cellar/avr-gcc@9/9.3.0_3/avr/include/util/atomic.h **** }
 447               		.loc 2 51 5 is_stmt 0 view .LVU136
 448               	/* #NOAPP */
 449               	.LBE49:
 450               	.LBE48:
 451               		.loc 1 113 2 is_stmt 1 view .LVU137
 452               		.loc 1 113 24 view .LVU138
 114:can_buffer.c  **** 	buf->used --;
 453               		.loc 1 114 2 view .LVU139
 454               		.loc 1 114 12 is_stmt 0 view .LVU140
 455 00b6 8381      		ldd r24,Z+3
 456               	.LVL33:
 457               		.loc 1 114 12 view .LVU141
 458 00b8 8150      		subi r24,lo8(-(-1))
 459 00ba 8383      		std Z+3,r24
 115:can_buffer.c  **** 	if (++buf->tail >= buf->size)
 460               		.loc 1 115 2 is_stmt 1 view .LVU142
 461               		.loc 1 115 6 is_stmt 0 view .LVU143
 462 00bc 8581      		ldd r24,Z+5
 463 00be 8F5F      		subi r24,lo8(-(1))
 464               		.loc 1 115 5 view .LVU144
 465 00c0 8583      		std Z+5,r24
 466 00c2 2281      		ldd r18,Z+2
 467 00c4 8217      		cp r24,r18
 468 00c6 00F0      		brlo .L18
 116:can_buffer.c  **** 		buf->tail = 0;
 469               		.loc 1 116 3 is_stmt 1 view .LVU145
 470               		.loc 1 116 13 is_stmt 0 view .LVU146
 471 00c8 1582      		std Z+5,__zero_reg__
 472               	.L18:
 113:can_buffer.c  **** 	buf->used --;
 473               		.loc 1 113 2 is_stmt 1 discriminator 2 view .LVU147
 474               	.LVL34:
 113:can_buffer.c  **** 	buf->used --;
 475               		.loc 1 113 2 discriminator 2 view .LVU148
 476               	.LBB50:
 477               	.LBI50:
  68:/opt/homebrew/Cellar/avr-gcc@9/9.3.0_3/avr/include/util/atomic.h **** {
 478               		.loc 2 68 24 discriminator 2 view .LVU149
 479               	.LBB51:
  70:/opt/homebrew/Cellar/avr-gcc@9/9.3.0_3/avr/include/util/atomic.h ****     __asm__ volatile ("" ::: "memory");
 480               		.loc 2 70 5 discriminator 2 view .LVU150
  70:/opt/homebrew/Cellar/avr-gcc@9/9.3.0_3/avr/include/util/atomic.h ****     __asm__ volatile ("" ::: "memory");
 481               		.loc 2 70 10 is_stmt 0 discriminator 2 view .LVU151
 482 00ca 9FBF      		out __SREG__,r25
 483               		.loc 2 71 5 is_stmt 1 discriminator 2 view .LVU152
 484               	.LVL35:
 485               		.loc 2 71 5 is_stmt 0 discriminator 2 view .LVU153
 486               	.LBE51:
 487               	.LBE50:
 488               	.LBE47:
 117:can_buffer.c  **** 	LEAVE_CRITICAL_SECTION;
 489               		.loc 1 117 24 is_stmt 1 discriminator 2 view .LVU154
 490               	/* epilogue start */
 118:can_buffer.c  **** }
 491               		.loc 1 118 1 is_stmt 0 discriminator 2 view .LVU155
 492 00cc 0895      		ret
 493               		.cfi_endproc
 494               	.LFE22:
 496               	.Letext0:
 497               		.file 3 "/opt/homebrew/Cellar/avr-gcc@9/9.3.0_3/avr/include/stdint.h"
 498               		.file 4 "../can.h"
 499               		.file 5 "can_buffer.h"
DEFINED SYMBOLS
                            *ABS*:0000000000000000 can_buffer.c
/var/folders/t1/hcvhy4kn4wqf61nvgxt8qfpc0000gn/T//cc9AK3kB.s:2      *ABS*:000000000000003e __SP_H__
/var/folders/t1/hcvhy4kn4wqf61nvgxt8qfpc0000gn/T//cc9AK3kB.s:3      *ABS*:000000000000003d __SP_L__
/var/folders/t1/hcvhy4kn4wqf61nvgxt8qfpc0000gn/T//cc9AK3kB.s:4      *ABS*:000000000000003f __SREG__
/var/folders/t1/hcvhy4kn4wqf61nvgxt8qfpc0000gn/T//cc9AK3kB.s:5      *ABS*:0000000000000000 __tmp_reg__
/var/folders/t1/hcvhy4kn4wqf61nvgxt8qfpc0000gn/T//cc9AK3kB.s:6      *ABS*:0000000000000001 __zero_reg__
/var/folders/t1/hcvhy4kn4wqf61nvgxt8qfpc0000gn/T//cc9AK3kB.s:12     .text:0000000000000000 can_buffer_init
/var/folders/t1/hcvhy4kn4wqf61nvgxt8qfpc0000gn/T//cc9AK3kB.s:16     .text:0000000000000000 .Loc.0
/var/folders/t1/hcvhy4kn4wqf61nvgxt8qfpc0000gn/T//cc9AK3kB.s:17     .text:0000000000000000 L0
/var/folders/t1/hcvhy4kn4wqf61nvgxt8qfpc0000gn/T//cc9AK3kB.s:22     .text:0000000000000000 .Loc.1
/var/folders/t1/hcvhy4kn4wqf61nvgxt8qfpc0000gn/T//cc9AK3kB.s:24     .text:0000000000000002 .Loc.2
/var/folders/t1/hcvhy4kn4wqf61nvgxt8qfpc0000gn/T//cc9AK3kB.s:26     .text:0000000000000002 .Loc.3
/var/folders/t1/hcvhy4kn4wqf61nvgxt8qfpc0000gn/T//cc9AK3kB.s:32     .text:0000000000000004 .Loc.4
/var/folders/t1/hcvhy4kn4wqf61nvgxt8qfpc0000gn/T//cc9AK3kB.s:34     .text:0000000000000004 .Loc.5
/var/folders/t1/hcvhy4kn4wqf61nvgxt8qfpc0000gn/T//cc9AK3kB.s:39     .text:0000000000000006 .Loc.6
/var/folders/t1/hcvhy4kn4wqf61nvgxt8qfpc0000gn/T//cc9AK3kB.s:41     .text:0000000000000006 .Loc.7
/var/folders/t1/hcvhy4kn4wqf61nvgxt8qfpc0000gn/T//cc9AK3kB.s:45     .text:0000000000000006 .Loc.8
/var/folders/t1/hcvhy4kn4wqf61nvgxt8qfpc0000gn/T//cc9AK3kB.s:46     .text:0000000000000006 .Loc.9
/var/folders/t1/hcvhy4kn4wqf61nvgxt8qfpc0000gn/T//cc9AK3kB.s:47     .text:0000000000000006 .Loc.10
/var/folders/t1/hcvhy4kn4wqf61nvgxt8qfpc0000gn/T//cc9AK3kB.s:48     .text:0000000000000006 .Loc.11
/var/folders/t1/hcvhy4kn4wqf61nvgxt8qfpc0000gn/T//cc9AK3kB.s:50     .text:0000000000000008 .Loc.12
/var/folders/t1/hcvhy4kn4wqf61nvgxt8qfpc0000gn/T//cc9AK3kB.s:51     .text:0000000000000008 .Loc.13
/var/folders/t1/hcvhy4kn4wqf61nvgxt8qfpc0000gn/T//cc9AK3kB.s:54     .text:000000000000000c .Loc.14
/var/folders/t1/hcvhy4kn4wqf61nvgxt8qfpc0000gn/T//cc9AK3kB.s:55     .text:000000000000000c .Loc.15
/var/folders/t1/hcvhy4kn4wqf61nvgxt8qfpc0000gn/T//cc9AK3kB.s:57     .text:000000000000000e .Loc.16
/var/folders/t1/hcvhy4kn4wqf61nvgxt8qfpc0000gn/T//cc9AK3kB.s:58     .text:000000000000000e .Loc.17
/var/folders/t1/hcvhy4kn4wqf61nvgxt8qfpc0000gn/T//cc9AK3kB.s:60     .text:0000000000000010 .Loc.18
/var/folders/t1/hcvhy4kn4wqf61nvgxt8qfpc0000gn/T//cc9AK3kB.s:61     .text:0000000000000010 .Loc.19
/var/folders/t1/hcvhy4kn4wqf61nvgxt8qfpc0000gn/T//cc9AK3kB.s:63     .text:0000000000000012 .Loc.20
/var/folders/t1/hcvhy4kn4wqf61nvgxt8qfpc0000gn/T//cc9AK3kB.s:65     .text:0000000000000012 .Loc.21
/var/folders/t1/hcvhy4kn4wqf61nvgxt8qfpc0000gn/T//cc9AK3kB.s:68     .text:0000000000000012 .Loc.22
/var/folders/t1/hcvhy4kn4wqf61nvgxt8qfpc0000gn/T//cc9AK3kB.s:70     .text:0000000000000012 .Loc.23
/var/folders/t1/hcvhy4kn4wqf61nvgxt8qfpc0000gn/T//cc9AK3kB.s:71     .text:0000000000000012 .Loc.24
/var/folders/t1/hcvhy4kn4wqf61nvgxt8qfpc0000gn/T//cc9AK3kB.s:73     .text:0000000000000014 .Loc.25
/var/folders/t1/hcvhy4kn4wqf61nvgxt8qfpc0000gn/T//cc9AK3kB.s:75     .text:0000000000000014 .Loc.26
/var/folders/t1/hcvhy4kn4wqf61nvgxt8qfpc0000gn/T//cc9AK3kB.s:79     .text:0000000000000014 .Loc.27
/var/folders/t1/hcvhy4kn4wqf61nvgxt8qfpc0000gn/T//cc9AK3kB.s:81     .text:0000000000000014 .Loc.28
/var/folders/t1/hcvhy4kn4wqf61nvgxt8qfpc0000gn/T//cc9AK3kB.s:83     .text:0000000000000016 L0
/var/folders/t1/hcvhy4kn4wqf61nvgxt8qfpc0000gn/T//cc9AK3kB.s:88     .text:0000000000000016 can_buffer_empty
/var/folders/t1/hcvhy4kn4wqf61nvgxt8qfpc0000gn/T//cc9AK3kB.s:91     .text:0000000000000016 .Loc.29
/var/folders/t1/hcvhy4kn4wqf61nvgxt8qfpc0000gn/T//cc9AK3kB.s:92     .text:0000000000000016 L0
/var/folders/t1/hcvhy4kn4wqf61nvgxt8qfpc0000gn/T//cc9AK3kB.s:97     .text:0000000000000016 .Loc.30
/var/folders/t1/hcvhy4kn4wqf61nvgxt8qfpc0000gn/T//cc9AK3kB.s:99     .text:0000000000000018 .Loc.31
/var/folders/t1/hcvhy4kn4wqf61nvgxt8qfpc0000gn/T//cc9AK3kB.s:100    .text:0000000000000018 .Loc.32
/var/folders/t1/hcvhy4kn4wqf61nvgxt8qfpc0000gn/T//cc9AK3kB.s:102    .text:0000000000000018 .Loc.33
/var/folders/t1/hcvhy4kn4wqf61nvgxt8qfpc0000gn/T//cc9AK3kB.s:107    .text:000000000000001a .Loc.34
/var/folders/t1/hcvhy4kn4wqf61nvgxt8qfpc0000gn/T//cc9AK3kB.s:109    .text:000000000000001a .Loc.35
/var/folders/t1/hcvhy4kn4wqf61nvgxt8qfpc0000gn/T//cc9AK3kB.s:114    .text:000000000000001c .Loc.36
/var/folders/t1/hcvhy4kn4wqf61nvgxt8qfpc0000gn/T//cc9AK3kB.s:116    .text:000000000000001c .Loc.37
/var/folders/t1/hcvhy4kn4wqf61nvgxt8qfpc0000gn/T//cc9AK3kB.s:120    .text:000000000000001c .Loc.38
/var/folders/t1/hcvhy4kn4wqf61nvgxt8qfpc0000gn/T//cc9AK3kB.s:121    .text:000000000000001c .Loc.39
/var/folders/t1/hcvhy4kn4wqf61nvgxt8qfpc0000gn/T//cc9AK3kB.s:122    .text:000000000000001c .Loc.40
/var/folders/t1/hcvhy4kn4wqf61nvgxt8qfpc0000gn/T//cc9AK3kB.s:123    .text:000000000000001c .Loc.41
/var/folders/t1/hcvhy4kn4wqf61nvgxt8qfpc0000gn/T//cc9AK3kB.s:126    .text:000000000000001e .Loc.42
/var/folders/t1/hcvhy4kn4wqf61nvgxt8qfpc0000gn/T//cc9AK3kB.s:127    .text:000000000000001e .Loc.43
/var/folders/t1/hcvhy4kn4wqf61nvgxt8qfpc0000gn/T//cc9AK3kB.s:130    .text:000000000000001e .Loc.44
/var/folders/t1/hcvhy4kn4wqf61nvgxt8qfpc0000gn/T//cc9AK3kB.s:132    .text:000000000000001e .Loc.45
/var/folders/t1/hcvhy4kn4wqf61nvgxt8qfpc0000gn/T//cc9AK3kB.s:133    .text:000000000000001e .Loc.46
/var/folders/t1/hcvhy4kn4wqf61nvgxt8qfpc0000gn/T//cc9AK3kB.s:135    .text:0000000000000020 .Loc.47
/var/folders/t1/hcvhy4kn4wqf61nvgxt8qfpc0000gn/T//cc9AK3kB.s:137    .text:0000000000000020 .Loc.48
/var/folders/t1/hcvhy4kn4wqf61nvgxt8qfpc0000gn/T//cc9AK3kB.s:141    .text:0000000000000020 .Loc.49
/var/folders/t1/hcvhy4kn4wqf61nvgxt8qfpc0000gn/T//cc9AK3kB.s:142    .text:0000000000000020 .Loc.50
/var/folders/t1/hcvhy4kn4wqf61nvgxt8qfpc0000gn/T//cc9AK3kB.s:143    .text:0000000000000020 .Loc.51
/var/folders/t1/hcvhy4kn4wqf61nvgxt8qfpc0000gn/T//cc9AK3kB.s:149    .text:0000000000000026 .Loc.52
/var/folders/t1/hcvhy4kn4wqf61nvgxt8qfpc0000gn/T//cc9AK3kB.s:151    .text:0000000000000028 L0
/var/folders/t1/hcvhy4kn4wqf61nvgxt8qfpc0000gn/T//cc9AK3kB.s:156    .text:0000000000000028 can_buffer_full
/var/folders/t1/hcvhy4kn4wqf61nvgxt8qfpc0000gn/T//cc9AK3kB.s:159    .text:0000000000000028 .Loc.53
/var/folders/t1/hcvhy4kn4wqf61nvgxt8qfpc0000gn/T//cc9AK3kB.s:160    .text:0000000000000028 L0
/var/folders/t1/hcvhy4kn4wqf61nvgxt8qfpc0000gn/T//cc9AK3kB.s:165    .text:0000000000000028 .Loc.54
/var/folders/t1/hcvhy4kn4wqf61nvgxt8qfpc0000gn/T//cc9AK3kB.s:167    .text:000000000000002a .Loc.55
/var/folders/t1/hcvhy4kn4wqf61nvgxt8qfpc0000gn/T//cc9AK3kB.s:168    .text:000000000000002a .Loc.56
/var/folders/t1/hcvhy4kn4wqf61nvgxt8qfpc0000gn/T//cc9AK3kB.s:169    .text:000000000000002a .Loc.57
/var/folders/t1/hcvhy4kn4wqf61nvgxt8qfpc0000gn/T//cc9AK3kB.s:171    .text:000000000000002a .Loc.58
/var/folders/t1/hcvhy4kn4wqf61nvgxt8qfpc0000gn/T//cc9AK3kB.s:176    .text:000000000000002c .Loc.59
/var/folders/t1/hcvhy4kn4wqf61nvgxt8qfpc0000gn/T//cc9AK3kB.s:178    .text:000000000000002c .Loc.60
/var/folders/t1/hcvhy4kn4wqf61nvgxt8qfpc0000gn/T//cc9AK3kB.s:183    .text:000000000000002e .Loc.61
/var/folders/t1/hcvhy4kn4wqf61nvgxt8qfpc0000gn/T//cc9AK3kB.s:185    .text:000000000000002e .Loc.62
/var/folders/t1/hcvhy4kn4wqf61nvgxt8qfpc0000gn/T//cc9AK3kB.s:189    .text:000000000000002e .Loc.63
/var/folders/t1/hcvhy4kn4wqf61nvgxt8qfpc0000gn/T//cc9AK3kB.s:190    .text:000000000000002e .Loc.64
/var/folders/t1/hcvhy4kn4wqf61nvgxt8qfpc0000gn/T//cc9AK3kB.s:191    .text:000000000000002e .Loc.65
/var/folders/t1/hcvhy4kn4wqf61nvgxt8qfpc0000gn/T//cc9AK3kB.s:192    .text:000000000000002e .Loc.66
/var/folders/t1/hcvhy4kn4wqf61nvgxt8qfpc0000gn/T//cc9AK3kB.s:195    .text:0000000000000030 .Loc.67
/var/folders/t1/hcvhy4kn4wqf61nvgxt8qfpc0000gn/T//cc9AK3kB.s:196    .text:0000000000000030 .Loc.68
/var/folders/t1/hcvhy4kn4wqf61nvgxt8qfpc0000gn/T//cc9AK3kB.s:199    .text:0000000000000032 .Loc.69
/var/folders/t1/hcvhy4kn4wqf61nvgxt8qfpc0000gn/T//cc9AK3kB.s:200    .text:0000000000000032 .Loc.70
/var/folders/t1/hcvhy4kn4wqf61nvgxt8qfpc0000gn/T//cc9AK3kB.s:203    .text:0000000000000032 .Loc.71
/var/folders/t1/hcvhy4kn4wqf61nvgxt8qfpc0000gn/T//cc9AK3kB.s:205    .text:0000000000000032 .Loc.72
/var/folders/t1/hcvhy4kn4wqf61nvgxt8qfpc0000gn/T//cc9AK3kB.s:206    .text:0000000000000032 .Loc.73
/var/folders/t1/hcvhy4kn4wqf61nvgxt8qfpc0000gn/T//cc9AK3kB.s:208    .text:0000000000000034 .Loc.74
/var/folders/t1/hcvhy4kn4wqf61nvgxt8qfpc0000gn/T//cc9AK3kB.s:210    .text:0000000000000034 .Loc.75
/var/folders/t1/hcvhy4kn4wqf61nvgxt8qfpc0000gn/T//cc9AK3kB.s:214    .text:0000000000000034 .Loc.76
/var/folders/t1/hcvhy4kn4wqf61nvgxt8qfpc0000gn/T//cc9AK3kB.s:215    .text:0000000000000034 .Loc.77
/var/folders/t1/hcvhy4kn4wqf61nvgxt8qfpc0000gn/T//cc9AK3kB.s:216    .text:0000000000000034 .Loc.78
/var/folders/t1/hcvhy4kn4wqf61nvgxt8qfpc0000gn/T//cc9AK3kB.s:223    .text:000000000000003c .Loc.79
/var/folders/t1/hcvhy4kn4wqf61nvgxt8qfpc0000gn/T//cc9AK3kB.s:225    .text:000000000000003e L0
/var/folders/t1/hcvhy4kn4wqf61nvgxt8qfpc0000gn/T//cc9AK3kB.s:230    .text:000000000000003e can_buffer_get_enqueue_ptr
/var/folders/t1/hcvhy4kn4wqf61nvgxt8qfpc0000gn/T//cc9AK3kB.s:233    .text:000000000000003e .Loc.80
/var/folders/t1/hcvhy4kn4wqf61nvgxt8qfpc0000gn/T//cc9AK3kB.s:234    .text:000000000000003e L0
/var/folders/t1/hcvhy4kn4wqf61nvgxt8qfpc0000gn/T//cc9AK3kB.s:235    .text:000000000000003e .Loc.81
/var/folders/t1/hcvhy4kn4wqf61nvgxt8qfpc0000gn/T//cc9AK3kB.s:249    .text:0000000000000044 .Loc.82
/var/folders/t1/hcvhy4kn4wqf61nvgxt8qfpc0000gn/T//cc9AK3kB.s:250    .text:0000000000000044 .Loc.83
/var/folders/t1/hcvhy4kn4wqf61nvgxt8qfpc0000gn/T//cc9AK3kB.s:253    .text:0000000000000048 .Loc.84
/var/folders/t1/hcvhy4kn4wqf61nvgxt8qfpc0000gn/T//cc9AK3kB.s:256    .text:000000000000004c .Loc.85
/var/folders/t1/hcvhy4kn4wqf61nvgxt8qfpc0000gn/T//cc9AK3kB.s:257    .text:000000000000004c .Loc.86
/var/folders/t1/hcvhy4kn4wqf61nvgxt8qfpc0000gn/T//cc9AK3kB.s:259    .text:000000000000004e .Loc.87
/var/folders/t1/hcvhy4kn4wqf61nvgxt8qfpc0000gn/T//cc9AK3kB.s:269    .text:000000000000005c .Loc.88
/var/folders/t1/hcvhy4kn4wqf61nvgxt8qfpc0000gn/T//cc9AK3kB.s:273    .text:0000000000000060 .Loc.89
/var/folders/t1/hcvhy4kn4wqf61nvgxt8qfpc0000gn/T//cc9AK3kB.s:277    .text:0000000000000062 .Loc.90
/var/folders/t1/hcvhy4kn4wqf61nvgxt8qfpc0000gn/T//cc9AK3kB.s:281    .text:0000000000000068 L0
/var/folders/t1/hcvhy4kn4wqf61nvgxt8qfpc0000gn/T//cc9AK3kB.s:286    .text:0000000000000068 can_buffer_enqueue
/var/folders/t1/hcvhy4kn4wqf61nvgxt8qfpc0000gn/T//cc9AK3kB.s:289    .text:0000000000000068 .Loc.91
/var/folders/t1/hcvhy4kn4wqf61nvgxt8qfpc0000gn/T//cc9AK3kB.s:290    .text:0000000000000068 L0
/var/folders/t1/hcvhy4kn4wqf61nvgxt8qfpc0000gn/T//cc9AK3kB.s:295    .text:0000000000000068 .Loc.92
/var/folders/t1/hcvhy4kn4wqf61nvgxt8qfpc0000gn/T//cc9AK3kB.s:297    .text:000000000000006a .Loc.93
/var/folders/t1/hcvhy4kn4wqf61nvgxt8qfpc0000gn/T//cc9AK3kB.s:299    .text:000000000000006a .Loc.94
/var/folders/t1/hcvhy4kn4wqf61nvgxt8qfpc0000gn/T//cc9AK3kB.s:304    .text:000000000000006c .Loc.95
/var/folders/t1/hcvhy4kn4wqf61nvgxt8qfpc0000gn/T//cc9AK3kB.s:306    .text:000000000000006c .Loc.96
/var/folders/t1/hcvhy4kn4wqf61nvgxt8qfpc0000gn/T//cc9AK3kB.s:311    .text:000000000000006e .Loc.97
/var/folders/t1/hcvhy4kn4wqf61nvgxt8qfpc0000gn/T//cc9AK3kB.s:313    .text:000000000000006e .Loc.98
/var/folders/t1/hcvhy4kn4wqf61nvgxt8qfpc0000gn/T//cc9AK3kB.s:317    .text:000000000000006e .Loc.99
/var/folders/t1/hcvhy4kn4wqf61nvgxt8qfpc0000gn/T//cc9AK3kB.s:318    .text:000000000000006e .Loc.100
/var/folders/t1/hcvhy4kn4wqf61nvgxt8qfpc0000gn/T//cc9AK3kB.s:319    .text:000000000000006e .Loc.101
/var/folders/t1/hcvhy4kn4wqf61nvgxt8qfpc0000gn/T//cc9AK3kB.s:320    .text:000000000000006e .Loc.102
/var/folders/t1/hcvhy4kn4wqf61nvgxt8qfpc0000gn/T//cc9AK3kB.s:323    .text:0000000000000070 .Loc.103
/var/folders/t1/hcvhy4kn4wqf61nvgxt8qfpc0000gn/T//cc9AK3kB.s:326    .text:0000000000000074 .Loc.104
/var/folders/t1/hcvhy4kn4wqf61nvgxt8qfpc0000gn/T//cc9AK3kB.s:327    .text:0000000000000074 .Loc.105
/var/folders/t1/hcvhy4kn4wqf61nvgxt8qfpc0000gn/T//cc9AK3kB.s:330    .text:0000000000000078 .Loc.106
/var/folders/t1/hcvhy4kn4wqf61nvgxt8qfpc0000gn/T//cc9AK3kB.s:335    .text:0000000000000080 .Loc.107
/var/folders/t1/hcvhy4kn4wqf61nvgxt8qfpc0000gn/T//cc9AK3kB.s:336    .text:0000000000000080 .Loc.108
/var/folders/t1/hcvhy4kn4wqf61nvgxt8qfpc0000gn/T//cc9AK3kB.s:339    .text:0000000000000082 .Loc.109
/var/folders/t1/hcvhy4kn4wqf61nvgxt8qfpc0000gn/T//cc9AK3kB.s:341    .text:0000000000000082 .Loc.110
/var/folders/t1/hcvhy4kn4wqf61nvgxt8qfpc0000gn/T//cc9AK3kB.s:344    .text:0000000000000082 .Loc.111
/var/folders/t1/hcvhy4kn4wqf61nvgxt8qfpc0000gn/T//cc9AK3kB.s:346    .text:0000000000000082 .Loc.112
/var/folders/t1/hcvhy4kn4wqf61nvgxt8qfpc0000gn/T//cc9AK3kB.s:347    .text:0000000000000082 .Loc.113
/var/folders/t1/hcvhy4kn4wqf61nvgxt8qfpc0000gn/T//cc9AK3kB.s:349    .text:0000000000000084 .Loc.114
/var/folders/t1/hcvhy4kn4wqf61nvgxt8qfpc0000gn/T//cc9AK3kB.s:351    .text:0000000000000084 .Loc.115
/var/folders/t1/hcvhy4kn4wqf61nvgxt8qfpc0000gn/T//cc9AK3kB.s:355    .text:0000000000000084 .Loc.116
/var/folders/t1/hcvhy4kn4wqf61nvgxt8qfpc0000gn/T//cc9AK3kB.s:357    .text:0000000000000084 .Loc.117
/var/folders/t1/hcvhy4kn4wqf61nvgxt8qfpc0000gn/T//cc9AK3kB.s:359    .text:0000000000000086 L0
/var/folders/t1/hcvhy4kn4wqf61nvgxt8qfpc0000gn/T//cc9AK3kB.s:364    .text:0000000000000086 can_buffer_get_dequeue_ptr
/var/folders/t1/hcvhy4kn4wqf61nvgxt8qfpc0000gn/T//cc9AK3kB.s:367    .text:0000000000000086 .Loc.118
/var/folders/t1/hcvhy4kn4wqf61nvgxt8qfpc0000gn/T//cc9AK3kB.s:368    .text:0000000000000086 L0
/var/folders/t1/hcvhy4kn4wqf61nvgxt8qfpc0000gn/T//cc9AK3kB.s:369    .text:0000000000000086 .Loc.119
/var/folders/t1/hcvhy4kn4wqf61nvgxt8qfpc0000gn/T//cc9AK3kB.s:383    .text:000000000000008c .Loc.120
/var/folders/t1/hcvhy4kn4wqf61nvgxt8qfpc0000gn/T//cc9AK3kB.s:384    .text:000000000000008c .Loc.121
/var/folders/t1/hcvhy4kn4wqf61nvgxt8qfpc0000gn/T//cc9AK3kB.s:387    .text:0000000000000090 .Loc.122
/var/folders/t1/hcvhy4kn4wqf61nvgxt8qfpc0000gn/T//cc9AK3kB.s:390    .text:0000000000000094 .Loc.123
/var/folders/t1/hcvhy4kn4wqf61nvgxt8qfpc0000gn/T//cc9AK3kB.s:391    .text:0000000000000094 .Loc.124
/var/folders/t1/hcvhy4kn4wqf61nvgxt8qfpc0000gn/T//cc9AK3kB.s:393    .text:0000000000000096 .Loc.125
/var/folders/t1/hcvhy4kn4wqf61nvgxt8qfpc0000gn/T//cc9AK3kB.s:403    .text:00000000000000a4 .Loc.126
/var/folders/t1/hcvhy4kn4wqf61nvgxt8qfpc0000gn/T//cc9AK3kB.s:407    .text:00000000000000a8 .Loc.127
/var/folders/t1/hcvhy4kn4wqf61nvgxt8qfpc0000gn/T//cc9AK3kB.s:411    .text:00000000000000aa .Loc.128
/var/folders/t1/hcvhy4kn4wqf61nvgxt8qfpc0000gn/T//cc9AK3kB.s:415    .text:00000000000000b0 L0
/var/folders/t1/hcvhy4kn4wqf61nvgxt8qfpc0000gn/T//cc9AK3kB.s:420    .text:00000000000000b0 can_buffer_dequeue
/var/folders/t1/hcvhy4kn4wqf61nvgxt8qfpc0000gn/T//cc9AK3kB.s:423    .text:00000000000000b0 .Loc.129
/var/folders/t1/hcvhy4kn4wqf61nvgxt8qfpc0000gn/T//cc9AK3kB.s:424    .text:00000000000000b0 L0
/var/folders/t1/hcvhy4kn4wqf61nvgxt8qfpc0000gn/T//cc9AK3kB.s:429    .text:00000000000000b0 .Loc.130
/var/folders/t1/hcvhy4kn4wqf61nvgxt8qfpc0000gn/T//cc9AK3kB.s:431    .text:00000000000000b2 .Loc.131
/var/folders/t1/hcvhy4kn4wqf61nvgxt8qfpc0000gn/T//cc9AK3kB.s:433    .text:00000000000000b2 .Loc.132
/var/folders/t1/hcvhy4kn4wqf61nvgxt8qfpc0000gn/T//cc9AK3kB.s:438    .text:00000000000000b4 .Loc.133
/var/folders/t1/hcvhy4kn4wqf61nvgxt8qfpc0000gn/T//cc9AK3kB.s:440    .text:00000000000000b4 .Loc.134
/var/folders/t1/hcvhy4kn4wqf61nvgxt8qfpc0000gn/T//cc9AK3kB.s:445    .text:00000000000000b6 .Loc.135
/var/folders/t1/hcvhy4kn4wqf61nvgxt8qfpc0000gn/T//cc9AK3kB.s:447    .text:00000000000000b6 .Loc.136
/var/folders/t1/hcvhy4kn4wqf61nvgxt8qfpc0000gn/T//cc9AK3kB.s:451    .text:00000000000000b6 .Loc.137
/var/folders/t1/hcvhy4kn4wqf61nvgxt8qfpc0000gn/T//cc9AK3kB.s:452    .text:00000000000000b6 .Loc.138
/var/folders/t1/hcvhy4kn4wqf61nvgxt8qfpc0000gn/T//cc9AK3kB.s:453    .text:00000000000000b6 .Loc.139
/var/folders/t1/hcvhy4kn4wqf61nvgxt8qfpc0000gn/T//cc9AK3kB.s:454    .text:00000000000000b6 .Loc.140
/var/folders/t1/hcvhy4kn4wqf61nvgxt8qfpc0000gn/T//cc9AK3kB.s:457    .text:00000000000000b8 .Loc.141
/var/folders/t1/hcvhy4kn4wqf61nvgxt8qfpc0000gn/T//cc9AK3kB.s:460    .text:00000000000000bc .Loc.142
/var/folders/t1/hcvhy4kn4wqf61nvgxt8qfpc0000gn/T//cc9AK3kB.s:461    .text:00000000000000bc .Loc.143
/var/folders/t1/hcvhy4kn4wqf61nvgxt8qfpc0000gn/T//cc9AK3kB.s:464    .text:00000000000000c0 .Loc.144
/var/folders/t1/hcvhy4kn4wqf61nvgxt8qfpc0000gn/T//cc9AK3kB.s:469    .text:00000000000000c8 .Loc.145
/var/folders/t1/hcvhy4kn4wqf61nvgxt8qfpc0000gn/T//cc9AK3kB.s:470    .text:00000000000000c8 .Loc.146
/var/folders/t1/hcvhy4kn4wqf61nvgxt8qfpc0000gn/T//cc9AK3kB.s:473    .text:00000000000000ca .Loc.147
/var/folders/t1/hcvhy4kn4wqf61nvgxt8qfpc0000gn/T//cc9AK3kB.s:475    .text:00000000000000ca .Loc.148
/var/folders/t1/hcvhy4kn4wqf61nvgxt8qfpc0000gn/T//cc9AK3kB.s:478    .text:00000000000000ca .Loc.149
/var/folders/t1/hcvhy4kn4wqf61nvgxt8qfpc0000gn/T//cc9AK3kB.s:480    .text:00000000000000ca .Loc.150
/var/folders/t1/hcvhy4kn4wqf61nvgxt8qfpc0000gn/T//cc9AK3kB.s:481    .text:00000000000000ca .Loc.151
/var/folders/t1/hcvhy4kn4wqf61nvgxt8qfpc0000gn/T//cc9AK3kB.s:483    .text:00000000000000cc .Loc.152
/var/folders/t1/hcvhy4kn4wqf61nvgxt8qfpc0000gn/T//cc9AK3kB.s:485    .text:00000000000000cc .Loc.153
/var/folders/t1/hcvhy4kn4wqf61nvgxt8qfpc0000gn/T//cc9AK3kB.s:489    .text:00000000000000cc .Loc.154
/var/folders/t1/hcvhy4kn4wqf61nvgxt8qfpc0000gn/T//cc9AK3kB.s:491    .text:00000000000000cc .Loc.155
/var/folders/t1/hcvhy4kn4wqf61nvgxt8qfpc0000gn/T//cc9AK3kB.s:493    .text:00000000000000ce L0
/var/folders/t1/hcvhy4kn4wqf61nvgxt8qfpc0000gn/T//cc9AK3kB.s:500    .text:00000000000000ce L0
                     .debug_frame:0000000000000000 L0
/var/folders/t1/hcvhy4kn4wqf61nvgxt8qfpc0000gn/T//cc9AK3kB.s:221    .text:000000000000003c .L8
/var/folders/t1/hcvhy4kn4wqf61nvgxt8qfpc0000gn/T//cc9AK3kB.s:276    .text:0000000000000062 .L11
/var/folders/t1/hcvhy4kn4wqf61nvgxt8qfpc0000gn/T//cc9AK3kB.s:267    .text:000000000000005c .L9
/var/folders/t1/hcvhy4kn4wqf61nvgxt8qfpc0000gn/T//cc9AK3kB.s:338    .text:0000000000000082 .L13
/var/folders/t1/hcvhy4kn4wqf61nvgxt8qfpc0000gn/T//cc9AK3kB.s:410    .text:00000000000000aa .L16
/var/folders/t1/hcvhy4kn4wqf61nvgxt8qfpc0000gn/T//cc9AK3kB.s:401    .text:00000000000000a4 .L14
/var/folders/t1/hcvhy4kn4wqf61nvgxt8qfpc0000gn/T//cc9AK3kB.s:472    .text:00000000000000ca .L18
/var/folders/t1/hcvhy4kn4wqf61nvgxt8qfpc0000gn/T//cc9AK3kB.s:1191   .debug_abbrev:0000000000000000 .Ldebug_abbrev0
/var/folders/t1/hcvhy4kn4wqf61nvgxt8qfpc0000gn/T//cc9AK3kB.s:8      .text:0000000000000000 .Ltext0
/var/folders/t1/hcvhy4kn4wqf61nvgxt8qfpc0000gn/T//cc9AK3kB.s:496    .text:00000000000000ce .Letext0
/var/folders/t1/hcvhy4kn4wqf61nvgxt8qfpc0000gn/T//cc9AK3kB.s:2137   .debug_line:0000000000000000 .Ldebug_line0
/var/folders/t1/hcvhy4kn4wqf61nvgxt8qfpc0000gn/T//cc9AK3kB.s:422    .text:00000000000000b0 .LFB22
/var/folders/t1/hcvhy4kn4wqf61nvgxt8qfpc0000gn/T//cc9AK3kB.s:494    .text:00000000000000ce .LFE22
/var/folders/t1/hcvhy4kn4wqf61nvgxt8qfpc0000gn/T//cc9AK3kB.s:1635   .debug_loc:0000000000000004 .LLST23
/var/folders/t1/hcvhy4kn4wqf61nvgxt8qfpc0000gn/T//cc9AK3kB.s:1630   .debug_loc:0000000000000000 .LVUS23
/var/folders/t1/hcvhy4kn4wqf61nvgxt8qfpc0000gn/T//cc9AK3kB.s:432    .text:00000000000000b2 .LBB47
/var/folders/t1/hcvhy4kn4wqf61nvgxt8qfpc0000gn/T//cc9AK3kB.s:488    .text:00000000000000cc .LBE47
/var/folders/t1/hcvhy4kn4wqf61nvgxt8qfpc0000gn/T//cc9AK3kB.s:1659   .debug_loc:000000000000002e .LLST24
/var/folders/t1/hcvhy4kn4wqf61nvgxt8qfpc0000gn/T//cc9AK3kB.s:1656   .debug_loc:000000000000002c .LVUS24
/var/folders/t1/hcvhy4kn4wqf61nvgxt8qfpc0000gn/T//cc9AK3kB.s:1671   .debug_loc:0000000000000045 .LLST25
/var/folders/t1/hcvhy4kn4wqf61nvgxt8qfpc0000gn/T//cc9AK3kB.s:1666   .debug_loc:0000000000000041 .LVUS25
/var/folders/t1/hcvhy4kn4wqf61nvgxt8qfpc0000gn/T//cc9AK3kB.s:437    .text:00000000000000b4 .LBI48
/var/folders/t1/hcvhy4kn4wqf61nvgxt8qfpc0000gn/T//cc9AK3kB.s:436    .text:00000000000000b4 .LBB48
/var/folders/t1/hcvhy4kn4wqf61nvgxt8qfpc0000gn/T//cc9AK3kB.s:450    .text:00000000000000b6 .LBE48
/var/folders/t1/hcvhy4kn4wqf61nvgxt8qfpc0000gn/T//cc9AK3kB.s:477    .text:00000000000000ca .LBI50
/var/folders/t1/hcvhy4kn4wqf61nvgxt8qfpc0000gn/T//cc9AK3kB.s:476    .text:00000000000000ca .LBB50
/var/folders/t1/hcvhy4kn4wqf61nvgxt8qfpc0000gn/T//cc9AK3kB.s:487    .text:00000000000000cc .LBE50
/var/folders/t1/hcvhy4kn4wqf61nvgxt8qfpc0000gn/T//cc9AK3kB.s:1687   .debug_loc:0000000000000067 .LLST26
/var/folders/t1/hcvhy4kn4wqf61nvgxt8qfpc0000gn/T//cc9AK3kB.s:1684   .debug_loc:0000000000000065 .LVUS26
/var/folders/t1/hcvhy4kn4wqf61nvgxt8qfpc0000gn/T//cc9AK3kB.s:366    .text:0000000000000086 .LFB21
/var/folders/t1/hcvhy4kn4wqf61nvgxt8qfpc0000gn/T//cc9AK3kB.s:416    .text:00000000000000b0 .LFE21
/var/folders/t1/hcvhy4kn4wqf61nvgxt8qfpc0000gn/T//cc9AK3kB.s:1696   .debug_loc:000000000000007f .LLST21
/var/folders/t1/hcvhy4kn4wqf61nvgxt8qfpc0000gn/T//cc9AK3kB.s:1726   .debug_loc:00000000000000b6 .LLST22
/var/folders/t1/hcvhy4kn4wqf61nvgxt8qfpc0000gn/T//cc9AK3kB.s:1717   .debug_loc:00000000000000ae .LVUS22
/var/folders/t1/hcvhy4kn4wqf61nvgxt8qfpc0000gn/T//cc9AK3kB.s:386    .text:0000000000000090 .LVL27
/var/folders/t1/hcvhy4kn4wqf61nvgxt8qfpc0000gn/T//cc9AK3kB.s:288    .text:0000000000000068 .LFB20
/var/folders/t1/hcvhy4kn4wqf61nvgxt8qfpc0000gn/T//cc9AK3kB.s:360    .text:0000000000000086 .LFE20
/var/folders/t1/hcvhy4kn4wqf61nvgxt8qfpc0000gn/T//cc9AK3kB.s:1768   .debug_loc:0000000000000100 .LLST17
/var/folders/t1/hcvhy4kn4wqf61nvgxt8qfpc0000gn/T//cc9AK3kB.s:1763   .debug_loc:00000000000000fc .LVUS17
/var/folders/t1/hcvhy4kn4wqf61nvgxt8qfpc0000gn/T//cc9AK3kB.s:298    .text:000000000000006a .LBB42
/var/folders/t1/hcvhy4kn4wqf61nvgxt8qfpc0000gn/T//cc9AK3kB.s:354    .text:0000000000000084 .LBE42
/var/folders/t1/hcvhy4kn4wqf61nvgxt8qfpc0000gn/T//cc9AK3kB.s:1792   .debug_loc:000000000000012a .LLST18
/var/folders/t1/hcvhy4kn4wqf61nvgxt8qfpc0000gn/T//cc9AK3kB.s:1789   .debug_loc:0000000000000128 .LVUS18
/var/folders/t1/hcvhy4kn4wqf61nvgxt8qfpc0000gn/T//cc9AK3kB.s:1804   .debug_loc:0000000000000141 .LLST19
/var/folders/t1/hcvhy4kn4wqf61nvgxt8qfpc0000gn/T//cc9AK3kB.s:1799   .debug_loc:000000000000013d .LVUS19
/var/folders/t1/hcvhy4kn4wqf61nvgxt8qfpc0000gn/T//cc9AK3kB.s:303    .text:000000000000006c .LBI43
/var/folders/t1/hcvhy4kn4wqf61nvgxt8qfpc0000gn/T//cc9AK3kB.s:302    .text:000000000000006c .LBB43
/var/folders/t1/hcvhy4kn4wqf61nvgxt8qfpc0000gn/T//cc9AK3kB.s:316    .text:000000000000006e .LBE43
/var/folders/t1/hcvhy4kn4wqf61nvgxt8qfpc0000gn/T//cc9AK3kB.s:343    .text:0000000000000082 .LBI45
/var/folders/t1/hcvhy4kn4wqf61nvgxt8qfpc0000gn/T//cc9AK3kB.s:342    .text:0000000000000082 .LBB45
/var/folders/t1/hcvhy4kn4wqf61nvgxt8qfpc0000gn/T//cc9AK3kB.s:353    .text:0000000000000084 .LBE45
/var/folders/t1/hcvhy4kn4wqf61nvgxt8qfpc0000gn/T//cc9AK3kB.s:1820   .debug_loc:0000000000000163 .LLST20
/var/folders/t1/hcvhy4kn4wqf61nvgxt8qfpc0000gn/T//cc9AK3kB.s:1817   .debug_loc:0000000000000161 .LVUS20
/var/folders/t1/hcvhy4kn4wqf61nvgxt8qfpc0000gn/T//cc9AK3kB.s:232    .text:000000000000003e .LFB19
/var/folders/t1/hcvhy4kn4wqf61nvgxt8qfpc0000gn/T//cc9AK3kB.s:282    .text:0000000000000068 .LFE19
/var/folders/t1/hcvhy4kn4wqf61nvgxt8qfpc0000gn/T//cc9AK3kB.s:1829   .debug_loc:000000000000017b .LLST15
/var/folders/t1/hcvhy4kn4wqf61nvgxt8qfpc0000gn/T//cc9AK3kB.s:1859   .debug_loc:00000000000001b2 .LLST16
/var/folders/t1/hcvhy4kn4wqf61nvgxt8qfpc0000gn/T//cc9AK3kB.s:1850   .debug_loc:00000000000001aa .LVUS16
/var/folders/t1/hcvhy4kn4wqf61nvgxt8qfpc0000gn/T//cc9AK3kB.s:252    .text:0000000000000048 .LVL17
/var/folders/t1/hcvhy4kn4wqf61nvgxt8qfpc0000gn/T//cc9AK3kB.s:158    .text:0000000000000028 .LFB18
/var/folders/t1/hcvhy4kn4wqf61nvgxt8qfpc0000gn/T//cc9AK3kB.s:226    .text:000000000000003e .LFE18
/var/folders/t1/hcvhy4kn4wqf61nvgxt8qfpc0000gn/T//cc9AK3kB.s:1901   .debug_loc:00000000000001fc .LLST9
/var/folders/t1/hcvhy4kn4wqf61nvgxt8qfpc0000gn/T//cc9AK3kB.s:1896   .debug_loc:00000000000001f8 .LVUS9
/var/folders/t1/hcvhy4kn4wqf61nvgxt8qfpc0000gn/T//cc9AK3kB.s:1925   .debug_loc:0000000000000226 .LLST10
/var/folders/t1/hcvhy4kn4wqf61nvgxt8qfpc0000gn/T//cc9AK3kB.s:1922   .debug_loc:0000000000000224 .LVUS10
/var/folders/t1/hcvhy4kn4wqf61nvgxt8qfpc0000gn/T//cc9AK3kB.s:1935   .debug_loc:000000000000023b .LLST11
/var/folders/t1/hcvhy4kn4wqf61nvgxt8qfpc0000gn/T//cc9AK3kB.s:1932   .debug_loc:0000000000000239 .LVUS11
/var/folders/t1/hcvhy4kn4wqf61nvgxt8qfpc0000gn/T//cc9AK3kB.s:170    .text:000000000000002a .LBB37
/var/folders/t1/hcvhy4kn4wqf61nvgxt8qfpc0000gn/T//cc9AK3kB.s:213    .text:0000000000000034 .LBE37
/var/folders/t1/hcvhy4kn4wqf61nvgxt8qfpc0000gn/T//cc9AK3kB.s:1945   .debug_loc:0000000000000250 .LLST12
/var/folders/t1/hcvhy4kn4wqf61nvgxt8qfpc0000gn/T//cc9AK3kB.s:1942   .debug_loc:000000000000024e .LVUS12
/var/folders/t1/hcvhy4kn4wqf61nvgxt8qfpc0000gn/T//cc9AK3kB.s:1957   .debug_loc:0000000000000267 .LLST13
/var/folders/t1/hcvhy4kn4wqf61nvgxt8qfpc0000gn/T//cc9AK3kB.s:1952   .debug_loc:0000000000000263 .LVUS13
/var/folders/t1/hcvhy4kn4wqf61nvgxt8qfpc0000gn/T//cc9AK3kB.s:175    .text:000000000000002c .LBI38
/var/folders/t1/hcvhy4kn4wqf61nvgxt8qfpc0000gn/T//cc9AK3kB.s:174    .text:000000000000002c .LBB38
/var/folders/t1/hcvhy4kn4wqf61nvgxt8qfpc0000gn/T//cc9AK3kB.s:188    .text:000000000000002e .LBE38
/var/folders/t1/hcvhy4kn4wqf61nvgxt8qfpc0000gn/T//cc9AK3kB.s:202    .text:0000000000000032 .LBI40
/var/folders/t1/hcvhy4kn4wqf61nvgxt8qfpc0000gn/T//cc9AK3kB.s:201    .text:0000000000000032 .LBB40
/var/folders/t1/hcvhy4kn4wqf61nvgxt8qfpc0000gn/T//cc9AK3kB.s:212    .text:0000000000000034 .LBE40
/var/folders/t1/hcvhy4kn4wqf61nvgxt8qfpc0000gn/T//cc9AK3kB.s:1973   .debug_loc:0000000000000289 .LLST14
/var/folders/t1/hcvhy4kn4wqf61nvgxt8qfpc0000gn/T//cc9AK3kB.s:1970   .debug_loc:0000000000000287 .LVUS14
/var/folders/t1/hcvhy4kn4wqf61nvgxt8qfpc0000gn/T//cc9AK3kB.s:90     .text:0000000000000016 .LFB17
/var/folders/t1/hcvhy4kn4wqf61nvgxt8qfpc0000gn/T//cc9AK3kB.s:152    .text:0000000000000028 .LFE17
/var/folders/t1/hcvhy4kn4wqf61nvgxt8qfpc0000gn/T//cc9AK3kB.s:1987   .debug_loc:00000000000002a5 .LLST4
/var/folders/t1/hcvhy4kn4wqf61nvgxt8qfpc0000gn/T//cc9AK3kB.s:1982   .debug_loc:00000000000002a1 .LVUS4
/var/folders/t1/hcvhy4kn4wqf61nvgxt8qfpc0000gn/T//cc9AK3kB.s:2011   .debug_loc:00000000000002cf .LLST5
/var/folders/t1/hcvhy4kn4wqf61nvgxt8qfpc0000gn/T//cc9AK3kB.s:2008   .debug_loc:00000000000002cd .LVUS5
/var/folders/t1/hcvhy4kn4wqf61nvgxt8qfpc0000gn/T//cc9AK3kB.s:101    .text:0000000000000018 .LBB32
/var/folders/t1/hcvhy4kn4wqf61nvgxt8qfpc0000gn/T//cc9AK3kB.s:140    .text:0000000000000020 .LBE32
/var/folders/t1/hcvhy4kn4wqf61nvgxt8qfpc0000gn/T//cc9AK3kB.s:2021   .debug_loc:00000000000002e4 .LLST6
/var/folders/t1/hcvhy4kn4wqf61nvgxt8qfpc0000gn/T//cc9AK3kB.s:2018   .debug_loc:00000000000002e2 .LVUS6
/var/folders/t1/hcvhy4kn4wqf61nvgxt8qfpc0000gn/T//cc9AK3kB.s:2033   .debug_loc:00000000000002fb .LLST7
/var/folders/t1/hcvhy4kn4wqf61nvgxt8qfpc0000gn/T//cc9AK3kB.s:2028   .debug_loc:00000000000002f7 .LVUS7
/var/folders/t1/hcvhy4kn4wqf61nvgxt8qfpc0000gn/T//cc9AK3kB.s:106    .text:000000000000001a .LBI33
/var/folders/t1/hcvhy4kn4wqf61nvgxt8qfpc0000gn/T//cc9AK3kB.s:105    .text:000000000000001a .LBB33
/var/folders/t1/hcvhy4kn4wqf61nvgxt8qfpc0000gn/T//cc9AK3kB.s:119    .text:000000000000001c .LBE33
/var/folders/t1/hcvhy4kn4wqf61nvgxt8qfpc0000gn/T//cc9AK3kB.s:129    .text:000000000000001e .LBI35
/var/folders/t1/hcvhy4kn4wqf61nvgxt8qfpc0000gn/T//cc9AK3kB.s:128    .text:000000000000001e .LBB35
/var/folders/t1/hcvhy4kn4wqf61nvgxt8qfpc0000gn/T//cc9AK3kB.s:139    .text:0000000000000020 .LBE35
/var/folders/t1/hcvhy4kn4wqf61nvgxt8qfpc0000gn/T//cc9AK3kB.s:2049   .debug_loc:000000000000031d .LLST8
/var/folders/t1/hcvhy4kn4wqf61nvgxt8qfpc0000gn/T//cc9AK3kB.s:2046   .debug_loc:000000000000031b .LVUS8
/var/folders/t1/hcvhy4kn4wqf61nvgxt8qfpc0000gn/T//cc9AK3kB.s:14     .text:0000000000000000 .LFB16
/var/folders/t1/hcvhy4kn4wqf61nvgxt8qfpc0000gn/T//cc9AK3kB.s:84     .text:0000000000000016 .LFE16
/var/folders/t1/hcvhy4kn4wqf61nvgxt8qfpc0000gn/T//cc9AK3kB.s:2063   .debug_loc:0000000000000339 .LLST0
/var/folders/t1/hcvhy4kn4wqf61nvgxt8qfpc0000gn/T//cc9AK3kB.s:2058   .debug_loc:0000000000000335 .LVUS0
/var/folders/t1/hcvhy4kn4wqf61nvgxt8qfpc0000gn/T//cc9AK3kB.s:25     .text:0000000000000002 .LBB27
/var/folders/t1/hcvhy4kn4wqf61nvgxt8qfpc0000gn/T//cc9AK3kB.s:78     .text:0000000000000014 .LBE27
/var/folders/t1/hcvhy4kn4wqf61nvgxt8qfpc0000gn/T//cc9AK3kB.s:2087   .debug_loc:0000000000000363 .LLST1
/var/folders/t1/hcvhy4kn4wqf61nvgxt8qfpc0000gn/T//cc9AK3kB.s:2084   .debug_loc:0000000000000361 .LVUS1
/var/folders/t1/hcvhy4kn4wqf61nvgxt8qfpc0000gn/T//cc9AK3kB.s:2099   .debug_loc:000000000000037a .LLST2
/var/folders/t1/hcvhy4kn4wqf61nvgxt8qfpc0000gn/T//cc9AK3kB.s:2094   .debug_loc:0000000000000376 .LVUS2
/var/folders/t1/hcvhy4kn4wqf61nvgxt8qfpc0000gn/T//cc9AK3kB.s:30     .text:0000000000000004 .LBI28
/var/folders/t1/hcvhy4kn4wqf61nvgxt8qfpc0000gn/T//cc9AK3kB.s:29     .text:0000000000000004 .LBB28
/var/folders/t1/hcvhy4kn4wqf61nvgxt8qfpc0000gn/T//cc9AK3kB.s:44     .text:0000000000000006 .LBE28
/var/folders/t1/hcvhy4kn4wqf61nvgxt8qfpc0000gn/T//cc9AK3kB.s:67     .text:0000000000000012 .LBI30
/var/folders/t1/hcvhy4kn4wqf61nvgxt8qfpc0000gn/T//cc9AK3kB.s:66     .text:0000000000000012 .LBB30
/var/folders/t1/hcvhy4kn4wqf61nvgxt8qfpc0000gn/T//cc9AK3kB.s:77     .text:0000000000000014 .LBE30
/var/folders/t1/hcvhy4kn4wqf61nvgxt8qfpc0000gn/T//cc9AK3kB.s:2115   .debug_loc:000000000000039c .LLST3
/var/folders/t1/hcvhy4kn4wqf61nvgxt8qfpc0000gn/T//cc9AK3kB.s:2112   .debug_loc:000000000000039a .LVUS3
/var/folders/t1/hcvhy4kn4wqf61nvgxt8qfpc0000gn/T//cc9AK3kB.s:421    .text:00000000000000b0 .LVL30
/var/folders/t1/hcvhy4kn4wqf61nvgxt8qfpc0000gn/T//cc9AK3kB.s:456    .text:00000000000000b8 .LVL33
/var/folders/t1/hcvhy4kn4wqf61nvgxt8qfpc0000gn/T//cc9AK3kB.s:435    .text:00000000000000b4 .LVL31
/var/folders/t1/hcvhy4kn4wqf61nvgxt8qfpc0000gn/T//cc9AK3kB.s:484    .text:00000000000000cc .LVL35
/var/folders/t1/hcvhy4kn4wqf61nvgxt8qfpc0000gn/T//cc9AK3kB.s:446    .text:00000000000000b6 .LVL32
/var/folders/t1/hcvhy4kn4wqf61nvgxt8qfpc0000gn/T//cc9AK3kB.s:474    .text:00000000000000ca .LVL34
/var/folders/t1/hcvhy4kn4wqf61nvgxt8qfpc0000gn/T//cc9AK3kB.s:501    .debug_info:0000000000000000 .Ldebug_info0
/var/folders/t1/hcvhy4kn4wqf61nvgxt8qfpc0000gn/T//cc9AK3kB.s:371    .text:0000000000000088 .LCFI2
/var/folders/t1/hcvhy4kn4wqf61nvgxt8qfpc0000gn/T//cc9AK3kB.s:375    .text:000000000000008a .LCFI3
/var/folders/t1/hcvhy4kn4wqf61nvgxt8qfpc0000gn/T//cc9AK3kB.s:365    .text:0000000000000086 .LVL26
/var/folders/t1/hcvhy4kn4wqf61nvgxt8qfpc0000gn/T//cc9AK3kB.s:406    .text:00000000000000a8 .LVL28
/var/folders/t1/hcvhy4kn4wqf61nvgxt8qfpc0000gn/T//cc9AK3kB.s:409    .text:00000000000000aa .LVL29
/var/folders/t1/hcvhy4kn4wqf61nvgxt8qfpc0000gn/T//cc9AK3kB.s:287    .text:0000000000000068 .LVL20
/var/folders/t1/hcvhy4kn4wqf61nvgxt8qfpc0000gn/T//cc9AK3kB.s:322    .text:0000000000000070 .LVL23
/var/folders/t1/hcvhy4kn4wqf61nvgxt8qfpc0000gn/T//cc9AK3kB.s:301    .text:000000000000006c .LVL21
/var/folders/t1/hcvhy4kn4wqf61nvgxt8qfpc0000gn/T//cc9AK3kB.s:350    .text:0000000000000084 .LVL25
/var/folders/t1/hcvhy4kn4wqf61nvgxt8qfpc0000gn/T//cc9AK3kB.s:312    .text:000000000000006e .LVL22
/var/folders/t1/hcvhy4kn4wqf61nvgxt8qfpc0000gn/T//cc9AK3kB.s:340    .text:0000000000000082 .LVL24
/var/folders/t1/hcvhy4kn4wqf61nvgxt8qfpc0000gn/T//cc9AK3kB.s:237    .text:0000000000000040 .LCFI0
/var/folders/t1/hcvhy4kn4wqf61nvgxt8qfpc0000gn/T//cc9AK3kB.s:241    .text:0000000000000042 .LCFI1
/var/folders/t1/hcvhy4kn4wqf61nvgxt8qfpc0000gn/T//cc9AK3kB.s:231    .text:000000000000003e .LVL16
/var/folders/t1/hcvhy4kn4wqf61nvgxt8qfpc0000gn/T//cc9AK3kB.s:272    .text:0000000000000060 .LVL18
/var/folders/t1/hcvhy4kn4wqf61nvgxt8qfpc0000gn/T//cc9AK3kB.s:275    .text:0000000000000062 .LVL19
/var/folders/t1/hcvhy4kn4wqf61nvgxt8qfpc0000gn/T//cc9AK3kB.s:157    .text:0000000000000028 .LVL10
/var/folders/t1/hcvhy4kn4wqf61nvgxt8qfpc0000gn/T//cc9AK3kB.s:173    .text:000000000000002c .LVL11
/var/folders/t1/hcvhy4kn4wqf61nvgxt8qfpc0000gn/T//cc9AK3kB.s:194    .text:0000000000000030 .LVL13
/var/folders/t1/hcvhy4kn4wqf61nvgxt8qfpc0000gn/T//cc9AK3kB.s:198    .text:0000000000000032 .LVL14
/var/folders/t1/hcvhy4kn4wqf61nvgxt8qfpc0000gn/T//cc9AK3kB.s:209    .text:0000000000000034 .LVL15
/var/folders/t1/hcvhy4kn4wqf61nvgxt8qfpc0000gn/T//cc9AK3kB.s:184    .text:000000000000002e .LVL12
/var/folders/t1/hcvhy4kn4wqf61nvgxt8qfpc0000gn/T//cc9AK3kB.s:89     .text:0000000000000016 .LVL5
/var/folders/t1/hcvhy4kn4wqf61nvgxt8qfpc0000gn/T//cc9AK3kB.s:104    .text:000000000000001a .LVL6
/var/folders/t1/hcvhy4kn4wqf61nvgxt8qfpc0000gn/T//cc9AK3kB.s:125    .text:000000000000001e .LVL8
/var/folders/t1/hcvhy4kn4wqf61nvgxt8qfpc0000gn/T//cc9AK3kB.s:136    .text:0000000000000020 .LVL9
/var/folders/t1/hcvhy4kn4wqf61nvgxt8qfpc0000gn/T//cc9AK3kB.s:115    .text:000000000000001c .LVL7
/var/folders/t1/hcvhy4kn4wqf61nvgxt8qfpc0000gn/T//cc9AK3kB.s:13     .text:0000000000000000 .LVL0
/var/folders/t1/hcvhy4kn4wqf61nvgxt8qfpc0000gn/T//cc9AK3kB.s:28     .text:0000000000000004 .LVL1
/var/folders/t1/hcvhy4kn4wqf61nvgxt8qfpc0000gn/T//cc9AK3kB.s:74     .text:0000000000000014 .LVL4
/var/folders/t1/hcvhy4kn4wqf61nvgxt8qfpc0000gn/T//cc9AK3kB.s:40     .text:0000000000000006 .LVL2
/var/folders/t1/hcvhy4kn4wqf61nvgxt8qfpc0000gn/T//cc9AK3kB.s:64     .text:0000000000000012 .LVL3

NO UNDEFINED SYMBOLS
