   1               		.file	"mcp2515_write_id.c"
   2               	__SP_H__ = 0x3e
   3               	__SP_L__ = 0x3d
   4               	__SREG__ = 0x3f
   5               	__tmp_reg__ = 0
   6               	__zero_reg__ = 1
   7               		.text
   8               	.Ltext0:
   9               		.cfi_sections	.debug_frame
  10               	.global	mcp2515_write_id
  12               	mcp2515_write_id:
  13               	.LVL0:
  14               	.LFB21:
  15               		.file 1 "mcp2515_write_id.c"
   1:mcp2515_write_id.c **** // ----------------------------------------------------------------------------
   2:mcp2515_write_id.c **** /*
   3:mcp2515_write_id.c ****  * Copyright (c) 2007 Fabian Greif, Roboterclub Aachen e.V.
   4:mcp2515_write_id.c ****  *  All rights reserved.
   5:mcp2515_write_id.c ****  *
   6:mcp2515_write_id.c ****  * Redistribution and use in source and binary forms, with or without
   7:mcp2515_write_id.c ****  * modification, are permitted provided that the following conditions
   8:mcp2515_write_id.c ****  * are met:
   9:mcp2515_write_id.c ****  * 1. Redistributions of source code must retain the above copyright
  10:mcp2515_write_id.c ****  *    notice, this list of conditions and the following disclaimer.
  11:mcp2515_write_id.c ****  * 2. Redistributions in binary form must reproduce the above copyright
  12:mcp2515_write_id.c ****  *    notice, this list of conditions and the following disclaimer in the
  13:mcp2515_write_id.c ****  *    documentation and/or other materials provided with the distribution.
  14:mcp2515_write_id.c ****  *
  15:mcp2515_write_id.c ****  * THIS SOFTWARE IS PROVIDED BY THE AUTHOR AND CONTRIBUTORS ``AS IS'' AND
  16:mcp2515_write_id.c ****  * ANY EXPRESS OR IMPLIED WARRANTIES, INCLUDING, BUT NOT LIMITED TO, THE
  17:mcp2515_write_id.c ****  * IMPLIED WARRANTIES OF MERCHANTABILITY AND FITNESS FOR A PARTICULAR PURPOSE
  18:mcp2515_write_id.c ****  * ARE DISCLAIMED.  IN NO EVENT SHALL THE REGENTS OR CONTRIBUTORS BE LIABLE
  19:mcp2515_write_id.c ****  * FOR ANY DIRECT, INDIRECT, INCIDENTAL, SPECIAL, EXEMPLARY, OR CONSEQUENTIAL
  20:mcp2515_write_id.c ****  * DAMAGES (INCLUDING, BUT NOT LIMITED TO, PROCUREMENT OF SUBSTITUTE GOODS
  21:mcp2515_write_id.c ****  * OR SERVICES; LOSS OF USE, DATA, OR PROFITS; OR BUSINESS INTERRUPTION)
  22:mcp2515_write_id.c ****  * HOWEVER CAUSED AND ON ANY THEORY OF LIABILITY, WHETHER IN CONTRACT, STRICT
  23:mcp2515_write_id.c ****  * LIABILITY, OR TORT (INCLUDING NEGLIGENCE OR OTHERWISE) ARISING IN ANY WAY
  24:mcp2515_write_id.c ****  * OUT OF THE USE OF THIS SOFTWARE, EVEN IF ADVISED OF THE POSSIBILITY OF
  25:mcp2515_write_id.c ****  * SUCH DAMAGE.
  26:mcp2515_write_id.c ****  *
  27:mcp2515_write_id.c ****  * $Id: mcp2515_write_id.c 6568 2008-06-16 13:56:26Z fabian $
  28:mcp2515_write_id.c ****  */
  29:mcp2515_write_id.c **** // ----------------------------------------------------------------------------
  30:mcp2515_write_id.c **** 
  31:mcp2515_write_id.c **** #include "mcp2515_private.h"
  32:mcp2515_write_id.c **** #ifdef	SUPPORT_FOR_MCP2515__
  33:mcp2515_write_id.c **** 
  34:mcp2515_write_id.c **** // ----------------------------------------------------------------------------
  35:mcp2515_write_id.c **** #ifdef USE_SOFTWARE_SPI
  36:mcp2515_write_id.c **** 
  37:mcp2515_write_id.c **** static uint8_t usi_interface_spi_temp;
  38:mcp2515_write_id.c **** 
  39:mcp2515_write_id.c **** static void spi_start(uint8_t data) {
  40:mcp2515_write_id.c **** 	usi_interface_spi_temp = spi_putc(data);
  41:mcp2515_write_id.c **** }
  42:mcp2515_write_id.c **** 
  43:mcp2515_write_id.c **** static uint8_t spi_wait(void) {
  44:mcp2515_write_id.c **** 	return usi_interface_spi_temp;
  45:mcp2515_write_id.c **** }
  46:mcp2515_write_id.c **** 
  47:mcp2515_write_id.c **** #else
  48:mcp2515_write_id.c **** 
  49:mcp2515_write_id.c **** static void spi_start(uint8_t data) {
  50:mcp2515_write_id.c **** 	SPDR = data;
  51:mcp2515_write_id.c **** }
  52:mcp2515_write_id.c **** 
  53:mcp2515_write_id.c **** static uint8_t spi_wait(void) {
  54:mcp2515_write_id.c **** 	// warten bis der vorherige Werte geschrieben wurde
  55:mcp2515_write_id.c **** 	while(!(SPSR & (1<<SPIF)))
  56:mcp2515_write_id.c **** 		;
  57:mcp2515_write_id.c **** 	
  58:mcp2515_write_id.c **** 	return SPDR;
  59:mcp2515_write_id.c **** }
  60:mcp2515_write_id.c **** 
  61:mcp2515_write_id.c **** #endif
  62:mcp2515_write_id.c **** 
  63:mcp2515_write_id.c **** // ----------------------------------------------------------------------------
  64:mcp2515_write_id.c **** /* Schreibt eine CAN ID in die Register des MCP2515
  65:mcp2515_write_id.c ****  *
  66:mcp2515_write_id.c ****  * Die Funktion setzt eine offene Verbindung zum MCP2515 vorraus
  67:mcp2515_write_id.c ****  * und schreibt dann die CAN ID per SPI in die folgenden vier
  68:mcp2515_write_id.c ****  * Register des MCP2515.
  69:mcp2515_write_id.c ****  *
  70:mcp2515_write_id.c ****  * ACHTUNG: die Funktion wurde "optimiert", damit nicht ständig unnötige
  71:mcp2515_write_id.c ****  * 			32-Bit Operationen verwendet werden :)
  72:mcp2515_write_id.c ****  *
  73:mcp2515_write_id.c ****  * Funktionell aequivalent zu:
  74:mcp2515_write_id.c ****  *
  75:mcp2515_write_id.c ****  *	static void mcp2515_write_id(uint32_t *id, uint8_t extended)
  76:mcp2515_write_id.c ****  *	{
  77:mcp2515_write_id.c ****  *		if (extended) {
  78:mcp2515_write_id.c ****  *			spi_putc(*id >> 21);
  79:mcp2515_write_id.c ****  *			spi_putc(((*id >> 13) & 0xe0) | (1<<IDE) | ((*id >> 16) & 0x3));
  80:mcp2515_write_id.c ****  *			spi_putc(*id >> 8);
  81:mcp2515_write_id.c ****  *			spi_putc(*id);
  82:mcp2515_write_id.c ****  *		}
  83:mcp2515_write_id.c ****  *		else {
  84:mcp2515_write_id.c ****  *			spi_putc(*id >> 3);
  85:mcp2515_write_id.c ****  *			spi_putc(*id << 5);
  86:mcp2515_write_id.c ****  *			spi_putc(0);
  87:mcp2515_write_id.c ****  *			spi_putc(0);
  88:mcp2515_write_id.c ****  *		}
  89:mcp2515_write_id.c ****  *	}
  90:mcp2515_write_id.c ****  */
  91:mcp2515_write_id.c **** 
  92:mcp2515_write_id.c **** #if SUPPORT_EXTENDED_CANID
  93:mcp2515_write_id.c **** 
  94:mcp2515_write_id.c **** void mcp2515_write_id(const uint32_t *id, uint8_t extended)
  95:mcp2515_write_id.c **** {
  96:mcp2515_write_id.c **** 	uint8_t tmp;
  97:mcp2515_write_id.c **** 	
  98:mcp2515_write_id.c **** 	if (extended) {
  99:mcp2515_write_id.c **** 		spi_start(*((uint16_t *) id + 1) >> 5);
 100:mcp2515_write_id.c **** 		
 101:mcp2515_write_id.c **** 		// naechsten Werte berechnen
 102:mcp2515_write_id.c **** 		tmp  = (*((uint8_t *) id + 2) << 3) & 0xe0;
 103:mcp2515_write_id.c **** 		tmp |= (1 << IDE);
 104:mcp2515_write_id.c **** 		tmp |= (*((uint8_t *) id + 2)) & 0x03;
 105:mcp2515_write_id.c **** 		
 106:mcp2515_write_id.c **** 		// warten bis der vorherige Werte geschrieben wurde
 107:mcp2515_write_id.c **** 		spi_wait();
 108:mcp2515_write_id.c **** 		
 109:mcp2515_write_id.c **** 		// restliche Werte schreiben
 110:mcp2515_write_id.c **** 		spi_putc(tmp);
 111:mcp2515_write_id.c **** 		spi_putc(*((uint8_t *) id + 1));
 112:mcp2515_write_id.c **** 		spi_putc(*((uint8_t *) id));
 113:mcp2515_write_id.c **** 	}
 114:mcp2515_write_id.c **** 	else {
 115:mcp2515_write_id.c **** 		spi_start(*((uint16_t *) id) >> 3);
 116:mcp2515_write_id.c **** 		
 117:mcp2515_write_id.c **** 		// naechsten Werte berechnen
 118:mcp2515_write_id.c **** 		tmp = *((uint8_t *) id) << 5;
 119:mcp2515_write_id.c **** 		spi_wait();
 120:mcp2515_write_id.c **** 		
 121:mcp2515_write_id.c **** 		spi_putc(tmp);
 122:mcp2515_write_id.c **** 		spi_putc(0);
 123:mcp2515_write_id.c **** 		spi_putc(0);
 124:mcp2515_write_id.c **** 	}
 125:mcp2515_write_id.c **** }
 126:mcp2515_write_id.c **** 
 127:mcp2515_write_id.c **** #else
 128:mcp2515_write_id.c **** 
 129:mcp2515_write_id.c **** void mcp2515_write_id(const uint16_t *id)
 130:mcp2515_write_id.c **** {
  16               		.loc 1 130 1 view -0
  17               		.cfi_startproc
  18               	/* prologue: function */
  19               	/* frame size = 0 */
  20               	/* stack size = 0 */
  21               	.L__stack_usage = 0
  22               		.loc 1 130 1 is_stmt 0 view .LVU1
  23 0000 FC01      		movw r30,r24
 131:mcp2515_write_id.c **** 	uint8_t tmp;
  24               		.loc 1 131 2 is_stmt 1 view .LVU2
 132:mcp2515_write_id.c **** 	
 133:mcp2515_write_id.c **** 	spi_start(*id >> 3);
  25               		.loc 1 133 2 view .LVU3
  26               		.loc 1 133 16 is_stmt 0 view .LVU4
  27 0002 8081      		ld r24,Z
  28 0004 9181      		ldd r25,Z+1
  29               	.LVL1:
  30               		.loc 1 133 16 view .LVU5
  31 0006 23E0      		ldi r18,3
  32               		1:
  33 0008 9695      		lsr r25
  34 000a 8795      		ror r24
  35 000c 2A95      		dec r18
  36 000e 01F4      		brne 1b
  37               	.LVL2:
  38               	.LBB8:
  39               	.LBI8:
  49:mcp2515_write_id.c **** 	SPDR = data;
  40               		.loc 1 49 13 is_stmt 1 view .LVU6
  41               	.LBB9:
  50:mcp2515_write_id.c **** }
  42               		.loc 1 50 2 view .LVU7
  50:mcp2515_write_id.c **** }
  43               		.loc 1 50 7 is_stmt 0 view .LVU8
  44 0010 8FB9      		out 0xf,r24
  45               	.LVL3:
  50:mcp2515_write_id.c **** }
  46               		.loc 1 50 7 view .LVU9
  47               	.LBE9:
  48               	.LBE8:
 134:mcp2515_write_id.c **** 	tmp = *((uint8_t *) id) << 5;
  49               		.loc 1 134 2 is_stmt 1 view .LVU10
  50               		.loc 1 134 6 is_stmt 0 view .LVU11
  51 0012 8081      		ld r24,Z
  52 0014 8295      		swap r24
  53 0016 880F      		lsl r24
  54 0018 807E      		andi r24,lo8(-32)
  55               	.LVL4:
 135:mcp2515_write_id.c **** 	spi_wait();
  56               		.loc 1 135 2 is_stmt 1 view .LVU12
  57               	.LBB10:
  58               	.LBI10:
  53:mcp2515_write_id.c **** 	// warten bis der vorherige Werte geschrieben wurde
  59               		.loc 1 53 16 view .LVU13
  60               	.LBB11:
  55:mcp2515_write_id.c **** 		;
  61               		.loc 1 55 2 view .LVU14
  62               	.L2:
  56:mcp2515_write_id.c **** 	
  63               		.loc 1 56 3 view .LVU15
  55:mcp2515_write_id.c **** 		;
  64               		.loc 1 55 7 view .LVU16
  65 001a 779B      		sbis 0xe,7
  66 001c 00C0      		rjmp .L2
  58:mcp2515_write_id.c **** }
  67               		.loc 1 58 2 view .LVU17
  58:mcp2515_write_id.c **** }
  68               		.loc 1 58 9 is_stmt 0 view .LVU18
  69 001e 9FB1      		in r25,0xf
  70               	.LBE11:
  71               	.LBE10:
 136:mcp2515_write_id.c **** 	
 137:mcp2515_write_id.c **** 	spi_putc(tmp);
  72               		.loc 1 137 2 is_stmt 1 view .LVU19
  73 0020 0E94 0000 		call spi_putc
  74               	.LVL5:
 138:mcp2515_write_id.c **** 	spi_putc(0);
  75               		.loc 1 138 2 view .LVU20
  76 0024 80E0      		ldi r24,0
  77 0026 0E94 0000 		call spi_putc
  78               	.LVL6:
 139:mcp2515_write_id.c **** 	spi_putc(0);
  79               		.loc 1 139 2 view .LVU21
  80 002a 80E0      		ldi r24,0
  81 002c 0C94 0000 		jmp spi_putc
  82               	.LVL7:
  83               		.cfi_endproc
  84               	.LFE21:
  86               	.Letext0:
  87               		.file 2 "/opt/homebrew/Cellar/avr-gcc@9/9.3.0_3/avr/include/stdint.h"
  88               		.file 3 "spi.h"
DEFINED SYMBOLS
                            *ABS*:0000000000000000 mcp2515_write_id.c
/var/folders/t1/hcvhy4kn4wqf61nvgxt8qfpc0000gn/T//ccsM98mh.s:2      *ABS*:000000000000003e __SP_H__
/var/folders/t1/hcvhy4kn4wqf61nvgxt8qfpc0000gn/T//ccsM98mh.s:3      *ABS*:000000000000003d __SP_L__
/var/folders/t1/hcvhy4kn4wqf61nvgxt8qfpc0000gn/T//ccsM98mh.s:4      *ABS*:000000000000003f __SREG__
/var/folders/t1/hcvhy4kn4wqf61nvgxt8qfpc0000gn/T//ccsM98mh.s:5      *ABS*:0000000000000000 __tmp_reg__
/var/folders/t1/hcvhy4kn4wqf61nvgxt8qfpc0000gn/T//ccsM98mh.s:6      *ABS*:0000000000000001 __zero_reg__
/var/folders/t1/hcvhy4kn4wqf61nvgxt8qfpc0000gn/T//ccsM98mh.s:12     .text:0000000000000000 mcp2515_write_id
/var/folders/t1/hcvhy4kn4wqf61nvgxt8qfpc0000gn/T//ccsM98mh.s:16     .text:0000000000000000 .Loc.0
/var/folders/t1/hcvhy4kn4wqf61nvgxt8qfpc0000gn/T//ccsM98mh.s:17     .text:0000000000000000 L0
/var/folders/t1/hcvhy4kn4wqf61nvgxt8qfpc0000gn/T//ccsM98mh.s:22     .text:0000000000000000 .Loc.1
/var/folders/t1/hcvhy4kn4wqf61nvgxt8qfpc0000gn/T//ccsM98mh.s:24     .text:0000000000000002 .Loc.2
/var/folders/t1/hcvhy4kn4wqf61nvgxt8qfpc0000gn/T//ccsM98mh.s:25     .text:0000000000000002 .Loc.3
/var/folders/t1/hcvhy4kn4wqf61nvgxt8qfpc0000gn/T//ccsM98mh.s:26     .text:0000000000000002 .Loc.4
/var/folders/t1/hcvhy4kn4wqf61nvgxt8qfpc0000gn/T//ccsM98mh.s:30     .text:0000000000000006 .Loc.5
/var/folders/t1/hcvhy4kn4wqf61nvgxt8qfpc0000gn/T//ccsM98mh.s:40     .text:0000000000000010 .Loc.6
/var/folders/t1/hcvhy4kn4wqf61nvgxt8qfpc0000gn/T//ccsM98mh.s:42     .text:0000000000000010 .Loc.7
/var/folders/t1/hcvhy4kn4wqf61nvgxt8qfpc0000gn/T//ccsM98mh.s:43     .text:0000000000000010 .Loc.8
/var/folders/t1/hcvhy4kn4wqf61nvgxt8qfpc0000gn/T//ccsM98mh.s:46     .text:0000000000000012 .Loc.9
/var/folders/t1/hcvhy4kn4wqf61nvgxt8qfpc0000gn/T//ccsM98mh.s:49     .text:0000000000000012 .Loc.10
/var/folders/t1/hcvhy4kn4wqf61nvgxt8qfpc0000gn/T//ccsM98mh.s:50     .text:0000000000000012 .Loc.11
/var/folders/t1/hcvhy4kn4wqf61nvgxt8qfpc0000gn/T//ccsM98mh.s:56     .text:000000000000001a .Loc.12
/var/folders/t1/hcvhy4kn4wqf61nvgxt8qfpc0000gn/T//ccsM98mh.s:59     .text:000000000000001a .Loc.13
/var/folders/t1/hcvhy4kn4wqf61nvgxt8qfpc0000gn/T//ccsM98mh.s:61     .text:000000000000001a .Loc.14
/var/folders/t1/hcvhy4kn4wqf61nvgxt8qfpc0000gn/T//ccsM98mh.s:63     .text:000000000000001a .Loc.15
/var/folders/t1/hcvhy4kn4wqf61nvgxt8qfpc0000gn/T//ccsM98mh.s:64     .text:000000000000001a .Loc.16
/var/folders/t1/hcvhy4kn4wqf61nvgxt8qfpc0000gn/T//ccsM98mh.s:67     .text:000000000000001e .Loc.17
/var/folders/t1/hcvhy4kn4wqf61nvgxt8qfpc0000gn/T//ccsM98mh.s:68     .text:000000000000001e .Loc.18
/var/folders/t1/hcvhy4kn4wqf61nvgxt8qfpc0000gn/T//ccsM98mh.s:72     .text:0000000000000020 .Loc.19
/var/folders/t1/hcvhy4kn4wqf61nvgxt8qfpc0000gn/T//ccsM98mh.s:75     .text:0000000000000024 .Loc.20
/var/folders/t1/hcvhy4kn4wqf61nvgxt8qfpc0000gn/T//ccsM98mh.s:79     .text:000000000000002a .Loc.21
/var/folders/t1/hcvhy4kn4wqf61nvgxt8qfpc0000gn/T//ccsM98mh.s:83     .text:0000000000000030 L0
/var/folders/t1/hcvhy4kn4wqf61nvgxt8qfpc0000gn/T//ccsM98mh.s:89     .text:0000000000000030 L0
                     .debug_frame:0000000000000000 L0
/var/folders/t1/hcvhy4kn4wqf61nvgxt8qfpc0000gn/T//ccsM98mh.s:32     .text:0000000000000008 .L11
/var/folders/t1/hcvhy4kn4wqf61nvgxt8qfpc0000gn/T//ccsM98mh.s:62     .text:000000000000001a .L2
/var/folders/t1/hcvhy4kn4wqf61nvgxt8qfpc0000gn/T//ccsM98mh.s:268    .debug_abbrev:0000000000000000 .Ldebug_abbrev0
/var/folders/t1/hcvhy4kn4wqf61nvgxt8qfpc0000gn/T//ccsM98mh.s:8      .text:0000000000000000 .Ltext0
/var/folders/t1/hcvhy4kn4wqf61nvgxt8qfpc0000gn/T//ccsM98mh.s:86     .text:0000000000000030 .Letext0
/var/folders/t1/hcvhy4kn4wqf61nvgxt8qfpc0000gn/T//ccsM98mh.s:644    .debug_line:0000000000000000 .Ldebug_line0
/var/folders/t1/hcvhy4kn4wqf61nvgxt8qfpc0000gn/T//ccsM98mh.s:14     .text:0000000000000000 .LFB21
/var/folders/t1/hcvhy4kn4wqf61nvgxt8qfpc0000gn/T//ccsM98mh.s:84     .text:0000000000000030 .LFE21
/var/folders/t1/hcvhy4kn4wqf61nvgxt8qfpc0000gn/T//ccsM98mh.s:583    .debug_loc:0000000000000006 .LLST0
/var/folders/t1/hcvhy4kn4wqf61nvgxt8qfpc0000gn/T//ccsM98mh.s:576    .debug_loc:0000000000000000 .LVUS0
/var/folders/t1/hcvhy4kn4wqf61nvgxt8qfpc0000gn/T//ccsM98mh.s:614    .debug_loc:000000000000003e .LLST1
/var/folders/t1/hcvhy4kn4wqf61nvgxt8qfpc0000gn/T//ccsM98mh.s:611    .debug_loc:000000000000003c .LVUS1
/var/folders/t1/hcvhy4kn4wqf61nvgxt8qfpc0000gn/T//ccsM98mh.s:39     .text:0000000000000010 .LBI8
/var/folders/t1/hcvhy4kn4wqf61nvgxt8qfpc0000gn/T//ccsM98mh.s:38     .text:0000000000000010 .LBB8
/var/folders/t1/hcvhy4kn4wqf61nvgxt8qfpc0000gn/T//ccsM98mh.s:48     .text:0000000000000012 .LBE8
/var/folders/t1/hcvhy4kn4wqf61nvgxt8qfpc0000gn/T//ccsM98mh.s:624    .debug_loc:0000000000000053 .LLST2
/var/folders/t1/hcvhy4kn4wqf61nvgxt8qfpc0000gn/T//ccsM98mh.s:621    .debug_loc:0000000000000051 .LVUS2
/var/folders/t1/hcvhy4kn4wqf61nvgxt8qfpc0000gn/T//ccsM98mh.s:58     .text:000000000000001a .LBI10
/var/folders/t1/hcvhy4kn4wqf61nvgxt8qfpc0000gn/T//ccsM98mh.s:57     .text:000000000000001a .LBB10
/var/folders/t1/hcvhy4kn4wqf61nvgxt8qfpc0000gn/T//ccsM98mh.s:71     .text:0000000000000020 .LBE10
/var/folders/t1/hcvhy4kn4wqf61nvgxt8qfpc0000gn/T//ccsM98mh.s:74     .text:0000000000000024 .LVL5
/var/folders/t1/hcvhy4kn4wqf61nvgxt8qfpc0000gn/T//ccsM98mh.s:78     .text:000000000000002a .LVL6
/var/folders/t1/hcvhy4kn4wqf61nvgxt8qfpc0000gn/T//ccsM98mh.s:82     .text:0000000000000030 .LVL7
/var/folders/t1/hcvhy4kn4wqf61nvgxt8qfpc0000gn/T//ccsM98mh.s:13     .text:0000000000000000 .LVL0
/var/folders/t1/hcvhy4kn4wqf61nvgxt8qfpc0000gn/T//ccsM98mh.s:29     .text:0000000000000006 .LVL1
/var/folders/t1/hcvhy4kn4wqf61nvgxt8qfpc0000gn/T//ccsM98mh.s:55     .text:000000000000001a .LVL4
/var/folders/t1/hcvhy4kn4wqf61nvgxt8qfpc0000gn/T//ccsM98mh.s:37     .text:0000000000000010 .LVL2
/var/folders/t1/hcvhy4kn4wqf61nvgxt8qfpc0000gn/T//ccsM98mh.s:45     .text:0000000000000012 .LVL3
/var/folders/t1/hcvhy4kn4wqf61nvgxt8qfpc0000gn/T//ccsM98mh.s:90     .debug_info:0000000000000000 .Ldebug_info0

UNDEFINED SYMBOLS
spi_putc
