   1               		.file	"mcp2515_static_filter.c"
   2               	__SP_H__ = 0x3e
   3               	__SP_L__ = 0x3d
   4               	__SREG__ = 0x3f
   5               	__tmp_reg__ = 0
   6               	__zero_reg__ = 1
   7               		.text
   8               	.Ltext0:
   9               		.cfi_sections	.debug_frame
  10               	.global	can_static_filter
  12               	can_static_filter:
  13               	.LVL0:
  14               	.LFB19:
  15               		.file 1 "mcp2515_static_filter.c"
   1:mcp2515_static_filter.c **** // ----------------------------------------------------------------------------
   2:mcp2515_static_filter.c **** /*
   3:mcp2515_static_filter.c ****  * Copyright (c) 2007 Fabian Greif, Roboterclub Aachen e.V.
   4:mcp2515_static_filter.c ****  *  All rights reserved.
   5:mcp2515_static_filter.c ****  *
   6:mcp2515_static_filter.c ****  * Redistribution and use in source and binary forms, with or without
   7:mcp2515_static_filter.c ****  * modification, are permitted provided that the following conditions
   8:mcp2515_static_filter.c ****  * are met:
   9:mcp2515_static_filter.c ****  * 1. Redistributions of source code must retain the above copyright
  10:mcp2515_static_filter.c ****  *    notice, this list of conditions and the following disclaimer.
  11:mcp2515_static_filter.c ****  * 2. Redistributions in binary form must reproduce the above copyright
  12:mcp2515_static_filter.c ****  *    notice, this list of conditions and the following disclaimer in the
  13:mcp2515_static_filter.c ****  *    documentation and/or other materials provided with the distribution.
  14:mcp2515_static_filter.c ****  *
  15:mcp2515_static_filter.c ****  * THIS SOFTWARE IS PROVIDED BY THE AUTHOR AND CONTRIBUTORS ``AS IS'' AND
  16:mcp2515_static_filter.c ****  * ANY EXPRESS OR IMPLIED WARRANTIES, INCLUDING, BUT NOT LIMITED TO, THE
  17:mcp2515_static_filter.c ****  * IMPLIED WARRANTIES OF MERCHANTABILITY AND FITNESS FOR A PARTICULAR PURPOSE
  18:mcp2515_static_filter.c ****  * ARE DISCLAIMED.  IN NO EVENT SHALL THE REGENTS OR CONTRIBUTORS BE LIABLE
  19:mcp2515_static_filter.c ****  * FOR ANY DIRECT, INDIRECT, INCIDENTAL, SPECIAL, EXEMPLARY, OR CONSEQUENTIAL
  20:mcp2515_static_filter.c ****  * DAMAGES (INCLUDING, BUT NOT LIMITED TO, PROCUREMENT OF SUBSTITUTE GOODS
  21:mcp2515_static_filter.c ****  * OR SERVICES; LOSS OF USE, DATA, OR PROFITS; OR BUSINESS INTERRUPTION)
  22:mcp2515_static_filter.c ****  * HOWEVER CAUSED AND ON ANY THEORY OF LIABILITY, WHETHER IN CONTRACT, STRICT
  23:mcp2515_static_filter.c ****  * LIABILITY, OR TORT (INCLUDING NEGLIGENCE OR OTHERWISE) ARISING IN ANY WAY
  24:mcp2515_static_filter.c ****  * OUT OF THE USE OF THIS SOFTWARE, EVEN IF ADVISED OF THE POSSIBILITY OF
  25:mcp2515_static_filter.c ****  * SUCH DAMAGE.
  26:mcp2515_static_filter.c ****  *
  27:mcp2515_static_filter.c ****  * $Id: mcp2515_static_filter.c 6564 2008-06-14 11:33:57Z fabian $
  28:mcp2515_static_filter.c ****  */
  29:mcp2515_static_filter.c **** // ----------------------------------------------------------------------------
  30:mcp2515_static_filter.c **** 
  31:mcp2515_static_filter.c **** #include "mcp2515_private.h"
  32:mcp2515_static_filter.c **** #ifdef	SUPPORT_FOR_MCP2515__
  33:mcp2515_static_filter.c **** 
  34:mcp2515_static_filter.c **** // ----------------------------------------------------------------------------
  35:mcp2515_static_filter.c **** // Filter setzen
  36:mcp2515_static_filter.c **** 
  37:mcp2515_static_filter.c **** void mcp2515_static_filter(const uint8_t *filter)
  38:mcp2515_static_filter.c **** {
  16               		.loc 1 38 1 view -0
  17               		.cfi_startproc
  18               		.loc 1 38 1 is_stmt 0 view .LVU1
  19 0000 0F93      		push r16
  20               	.LCFI0:
  21               		.cfi_def_cfa_offset 3
  22               		.cfi_offset 16, -2
  23 0002 1F93      		push r17
  24               	.LCFI1:
  25               		.cfi_def_cfa_offset 4
  26               		.cfi_offset 17, -3
  27 0004 CF93      		push r28
  28               	.LCFI2:
  29               		.cfi_def_cfa_offset 5
  30               		.cfi_offset 28, -4
  31 0006 DF93      		push r29
  32               	.LCFI3:
  33               		.cfi_def_cfa_offset 6
  34               		.cfi_offset 29, -5
  35               	/* prologue: function */
  36               	/* frame size = 0 */
  37               	/* stack size = 4 */
  38               	.L__stack_usage = 4
  39 0008 8C01      		movw r16,r24
  39:mcp2515_static_filter.c **** 	// change to configuration mode
  40:mcp2515_static_filter.c **** 	mcp2515_bit_modify(CANCTRL, 0xe0, (1<<REQOP2));
  40               		.loc 1 40 2 is_stmt 1 view .LVU2
  41 000a 40E8      		ldi r20,lo8(-128)
  42 000c 60EE      		ldi r22,lo8(-32)
  43 000e 8FE0      		ldi r24,lo8(15)
  44               	.LVL1:
  45               		.loc 1 40 2 is_stmt 0 view .LVU3
  46 0010 0E94 0000 		call mcp2515_bit_modify
  47               	.LVL2:
  41:mcp2515_static_filter.c **** 	while ((mcp2515_read_register(CANSTAT) & 0xe0) != (1<<REQOP2))
  48               		.loc 1 41 2 is_stmt 1 view .LVU4
  49               	.L2:
  42:mcp2515_static_filter.c **** 		;
  50               		.loc 1 42 3 discriminator 1 view .LVU5
  41:mcp2515_static_filter.c **** 	while ((mcp2515_read_register(CANSTAT) & 0xe0) != (1<<REQOP2))
  51               		.loc 1 41 8 discriminator 1 view .LVU6
  41:mcp2515_static_filter.c **** 	while ((mcp2515_read_register(CANSTAT) & 0xe0) != (1<<REQOP2))
  52               		.loc 1 41 10 is_stmt 0 discriminator 1 view .LVU7
  53 0014 8EE0      		ldi r24,lo8(14)
  54 0016 0E94 0000 		call mcp2515_read_register
  55               	.LVL3:
  41:mcp2515_static_filter.c **** 	while ((mcp2515_read_register(CANSTAT) & 0xe0) != (1<<REQOP2))
  56               		.loc 1 41 8 discriminator 1 view .LVU8
  57 001a 807E      		andi r24,lo8(-32)
  58 001c 8038      		cpi r24,lo8(-128)
  59 001e 01F4      		brne .L2
  43:mcp2515_static_filter.c **** 	
  44:mcp2515_static_filter.c **** 	mcp2515_write_register(RXB0CTRL, (1<<BUKT));
  60               		.loc 1 44 2 is_stmt 1 view .LVU9
  61 0020 64E0      		ldi r22,lo8(4)
  62 0022 80E6      		ldi r24,lo8(96)
  63 0024 0E94 0000 		call mcp2515_write_register
  64               	.LVL4:
  45:mcp2515_static_filter.c **** 	mcp2515_write_register(RXB1CTRL, 0);
  65               		.loc 1 45 2 view .LVU10
  66 0028 60E0      		ldi r22,0
  67 002a 80E7      		ldi r24,lo8(112)
  68 002c 0E94 0000 		call mcp2515_write_register
  69               	.LVL5:
  46:mcp2515_static_filter.c ****     
  47:mcp2515_static_filter.c **** 	uint8_t i, j;
  70               		.loc 1 47 2 view .LVU11
  48:mcp2515_static_filter.c **** 	for (i = 0; i < 0x30; i += 0x10)
  71               		.loc 1 48 2 view .LVU12
  72               		.loc 1 48 14 view .LVU13
  73               		.loc 1 48 9 is_stmt 0 view .LVU14
  74 0030 C0E0      		ldi r28,0
  75               	.LVL6:
  76               	.L6:
  49:mcp2515_static_filter.c **** 	{
  50:mcp2515_static_filter.c **** 		RESET(MCP2515_CS);
  77               		.loc 1 50 3 is_stmt 1 view .LVU15
  78 0032 C098      		cbi 0x18,0
  51:mcp2515_static_filter.c **** 		spi_putc(SPI_WRITE);
  79               		.loc 1 51 3 view .LVU16
  80 0034 82E0      		ldi r24,lo8(2)
  81 0036 0E94 0000 		call spi_putc
  82               	.LVL7:
  52:mcp2515_static_filter.c **** 		spi_putc(i);
  83               		.loc 1 52 3 view .LVU17
  84 003a 8C2F      		mov r24,r28
  85 003c 0E94 0000 		call spi_putc
  86               	.LVL8:
  53:mcp2515_static_filter.c **** 		
  54:mcp2515_static_filter.c **** 		for (j = 0; j < 12; j++) 
  87               		.loc 1 54 3 view .LVU18
  88               		.loc 1 54 15 view .LVU19
  89               		.loc 1 54 10 is_stmt 0 view .LVU20
  90 0040 D0E0      		ldi r29,0
  91               	.LVL9:
  92               	.L5:
  55:mcp2515_static_filter.c **** 		{
  56:mcp2515_static_filter.c **** 			if (i == 0x20 && j >= 0x08)
  93               		.loc 1 56 4 is_stmt 1 view .LVU21
  94               		.loc 1 56 7 is_stmt 0 view .LVU22
  95 0042 C032      		cpi r28,lo8(32)
  96 0044 01F4      		brne .L3
  97               		.loc 1 56 18 discriminator 1 view .LVU23
  98 0046 D830      		cpi r29,lo8(8)
  99 0048 00F4      		brsh .L4
 100               	.L3:
  57:mcp2515_static_filter.c **** 				break;
  58:mcp2515_static_filter.c **** 			
  59:mcp2515_static_filter.c **** 			spi_putc(pgm_read_byte(filter++));
 101               		.loc 1 59 4 is_stmt 1 discriminator 2 view .LVU24
 102               	.LBB2:
 103               		.loc 1 59 13 discriminator 2 view .LVU25
 104               	.LVL10:
 105               		.loc 1 59 13 is_stmt 0 discriminator 2 view .LVU26
 106 004a 0F5F      		subi r16,-1
 107 004c 1F4F      		sbci r17,-1
 108               	.LVL11:
 109               		.loc 1 59 13 is_stmt 1 discriminator 2 view .LVU27
 110               		.loc 1 59 13 discriminator 2 view .LVU28
 111 004e F801      		movw r30,r16
 112 0050 3197      		sbiw r30,1
 113               	/* #APP */
 114               	 ;  59 "mcp2515_static_filter.c" 1
 115 0052 8491      		lpm r24, Z
 116               		
 117               	 ;  0 "" 2
 118               	.LVL12:
 119               		.loc 1 59 13 discriminator 2 view .LVU29
 120               	/* #NOAPP */
 121               	.LBE2:
 122               		.loc 1 59 4 is_stmt 0 discriminator 2 view .LVU30
 123 0054 0E94 0000 		call spi_putc
 124               	.LVL13:
  54:mcp2515_static_filter.c **** 		{
 125               		.loc 1 54 23 is_stmt 1 discriminator 2 view .LVU31
  54:mcp2515_static_filter.c **** 		{
 126               		.loc 1 54 24 is_stmt 0 discriminator 2 view .LVU32
 127 0058 DF5F      		subi r29,lo8(-(1))
 128               	.LVL14:
  54:mcp2515_static_filter.c **** 		{
 129               		.loc 1 54 15 is_stmt 1 discriminator 2 view .LVU33
  54:mcp2515_static_filter.c **** 		{
 130               		.loc 1 54 3 is_stmt 0 discriminator 2 view .LVU34
 131 005a DC30      		cpi r29,lo8(12)
 132 005c 01F4      		brne .L5
 133               	.LVL15:
 134               	.L4:
  60:mcp2515_static_filter.c **** 		}
  61:mcp2515_static_filter.c **** 		SET(MCP2515_CS);
 135               		.loc 1 61 3 is_stmt 1 discriminator 2 view .LVU35
 136 005e C09A      		sbi 0x18,0
  48:mcp2515_static_filter.c **** 	{
 137               		.loc 1 48 24 discriminator 2 view .LVU36
  48:mcp2515_static_filter.c **** 	{
 138               		.loc 1 48 26 is_stmt 0 discriminator 2 view .LVU37
 139 0060 C05F      		subi r28,lo8(-(16))
 140               	.LVL16:
  48:mcp2515_static_filter.c **** 	{
 141               		.loc 1 48 14 is_stmt 1 discriminator 2 view .LVU38
  48:mcp2515_static_filter.c **** 	{
 142               		.loc 1 48 2 is_stmt 0 discriminator 2 view .LVU39
 143 0062 C033      		cpi r28,lo8(48)
 144 0064 01F4      		brne .L6
 145               	.LVL17:
  62:mcp2515_static_filter.c **** 	}
  63:mcp2515_static_filter.c **** 	
  64:mcp2515_static_filter.c **** 	mcp2515_bit_modify(CANCTRL, 0xe0, 0);
 146               		.loc 1 64 2 is_stmt 1 view .LVU40
 147 0066 40E0      		ldi r20,0
 148 0068 60EE      		ldi r22,lo8(-32)
 149 006a 8FE0      		ldi r24,lo8(15)
 150               	/* epilogue start */
  65:mcp2515_static_filter.c **** }
 151               		.loc 1 65 1 is_stmt 0 view .LVU41
 152 006c DF91      		pop r29
 153               	.LVL18:
 154               		.loc 1 65 1 view .LVU42
 155 006e CF91      		pop r28
 156 0070 1F91      		pop r17
 157 0072 0F91      		pop r16
 158               	.LVL19:
  64:mcp2515_static_filter.c **** }
 159               		.loc 1 64 2 view .LVU43
 160 0074 0C94 0000 		jmp mcp2515_bit_modify
 161               	.LVL20:
 162               		.cfi_endproc
 163               	.LFE19:
 165               	.Letext0:
 166               		.file 2 "/opt/homebrew/Cellar/avr-gcc@9/9.3.0_3/avr/include/stdint.h"
 167               		.file 3 "mcp2515_private.h"
 168               		.file 4 "spi.h"
DEFINED SYMBOLS
                            *ABS*:0000000000000000 mcp2515_static_filter.c
/var/folders/t1/hcvhy4kn4wqf61nvgxt8qfpc0000gn/T//ccrwvZlu.s:2      *ABS*:000000000000003e __SP_H__
/var/folders/t1/hcvhy4kn4wqf61nvgxt8qfpc0000gn/T//ccrwvZlu.s:3      *ABS*:000000000000003d __SP_L__
/var/folders/t1/hcvhy4kn4wqf61nvgxt8qfpc0000gn/T//ccrwvZlu.s:4      *ABS*:000000000000003f __SREG__
/var/folders/t1/hcvhy4kn4wqf61nvgxt8qfpc0000gn/T//ccrwvZlu.s:5      *ABS*:0000000000000000 __tmp_reg__
/var/folders/t1/hcvhy4kn4wqf61nvgxt8qfpc0000gn/T//ccrwvZlu.s:6      *ABS*:0000000000000001 __zero_reg__
/var/folders/t1/hcvhy4kn4wqf61nvgxt8qfpc0000gn/T//ccrwvZlu.s:12     .text:0000000000000000 can_static_filter
/var/folders/t1/hcvhy4kn4wqf61nvgxt8qfpc0000gn/T//ccrwvZlu.s:16     .text:0000000000000000 .Loc.0
/var/folders/t1/hcvhy4kn4wqf61nvgxt8qfpc0000gn/T//ccrwvZlu.s:17     .text:0000000000000000 L0
/var/folders/t1/hcvhy4kn4wqf61nvgxt8qfpc0000gn/T//ccrwvZlu.s:18     .text:0000000000000000 .Loc.1
/var/folders/t1/hcvhy4kn4wqf61nvgxt8qfpc0000gn/T//ccrwvZlu.s:40     .text:000000000000000a .Loc.2
/var/folders/t1/hcvhy4kn4wqf61nvgxt8qfpc0000gn/T//ccrwvZlu.s:45     .text:0000000000000010 .Loc.3
/var/folders/t1/hcvhy4kn4wqf61nvgxt8qfpc0000gn/T//ccrwvZlu.s:48     .text:0000000000000014 .Loc.4
/var/folders/t1/hcvhy4kn4wqf61nvgxt8qfpc0000gn/T//ccrwvZlu.s:50     .text:0000000000000014 .Loc.5
/var/folders/t1/hcvhy4kn4wqf61nvgxt8qfpc0000gn/T//ccrwvZlu.s:51     .text:0000000000000014 .Loc.6
/var/folders/t1/hcvhy4kn4wqf61nvgxt8qfpc0000gn/T//ccrwvZlu.s:52     .text:0000000000000014 .Loc.7
/var/folders/t1/hcvhy4kn4wqf61nvgxt8qfpc0000gn/T//ccrwvZlu.s:56     .text:000000000000001a .Loc.8
/var/folders/t1/hcvhy4kn4wqf61nvgxt8qfpc0000gn/T//ccrwvZlu.s:60     .text:0000000000000020 .Loc.9
/var/folders/t1/hcvhy4kn4wqf61nvgxt8qfpc0000gn/T//ccrwvZlu.s:65     .text:0000000000000028 .Loc.10
/var/folders/t1/hcvhy4kn4wqf61nvgxt8qfpc0000gn/T//ccrwvZlu.s:70     .text:0000000000000030 .Loc.11
/var/folders/t1/hcvhy4kn4wqf61nvgxt8qfpc0000gn/T//ccrwvZlu.s:71     .text:0000000000000030 .Loc.12
/var/folders/t1/hcvhy4kn4wqf61nvgxt8qfpc0000gn/T//ccrwvZlu.s:72     .text:0000000000000030 .Loc.13
/var/folders/t1/hcvhy4kn4wqf61nvgxt8qfpc0000gn/T//ccrwvZlu.s:73     .text:0000000000000030 .Loc.14
/var/folders/t1/hcvhy4kn4wqf61nvgxt8qfpc0000gn/T//ccrwvZlu.s:77     .text:0000000000000032 .Loc.15
/var/folders/t1/hcvhy4kn4wqf61nvgxt8qfpc0000gn/T//ccrwvZlu.s:79     .text:0000000000000034 .Loc.16
/var/folders/t1/hcvhy4kn4wqf61nvgxt8qfpc0000gn/T//ccrwvZlu.s:83     .text:000000000000003a .Loc.17
/var/folders/t1/hcvhy4kn4wqf61nvgxt8qfpc0000gn/T//ccrwvZlu.s:87     .text:0000000000000040 .Loc.18
/var/folders/t1/hcvhy4kn4wqf61nvgxt8qfpc0000gn/T//ccrwvZlu.s:88     .text:0000000000000040 .Loc.19
/var/folders/t1/hcvhy4kn4wqf61nvgxt8qfpc0000gn/T//ccrwvZlu.s:89     .text:0000000000000040 .Loc.20
/var/folders/t1/hcvhy4kn4wqf61nvgxt8qfpc0000gn/T//ccrwvZlu.s:93     .text:0000000000000042 .Loc.21
/var/folders/t1/hcvhy4kn4wqf61nvgxt8qfpc0000gn/T//ccrwvZlu.s:94     .text:0000000000000042 .Loc.22
/var/folders/t1/hcvhy4kn4wqf61nvgxt8qfpc0000gn/T//ccrwvZlu.s:97     .text:0000000000000046 .Loc.23
/var/folders/t1/hcvhy4kn4wqf61nvgxt8qfpc0000gn/T//ccrwvZlu.s:101    .text:000000000000004a .Loc.24
/var/folders/t1/hcvhy4kn4wqf61nvgxt8qfpc0000gn/T//ccrwvZlu.s:103    .text:000000000000004a .Loc.25
/var/folders/t1/hcvhy4kn4wqf61nvgxt8qfpc0000gn/T//ccrwvZlu.s:105    .text:000000000000004a .Loc.26
/var/folders/t1/hcvhy4kn4wqf61nvgxt8qfpc0000gn/T//ccrwvZlu.s:109    .text:000000000000004e .Loc.27
/var/folders/t1/hcvhy4kn4wqf61nvgxt8qfpc0000gn/T//ccrwvZlu.s:110    .text:000000000000004e .Loc.28
/var/folders/t1/hcvhy4kn4wqf61nvgxt8qfpc0000gn/T//ccrwvZlu.s:119    .text:0000000000000054 .Loc.29
/var/folders/t1/hcvhy4kn4wqf61nvgxt8qfpc0000gn/T//ccrwvZlu.s:122    .text:0000000000000054 .Loc.30
/var/folders/t1/hcvhy4kn4wqf61nvgxt8qfpc0000gn/T//ccrwvZlu.s:125    .text:0000000000000058 .Loc.31
/var/folders/t1/hcvhy4kn4wqf61nvgxt8qfpc0000gn/T//ccrwvZlu.s:126    .text:0000000000000058 .Loc.32
/var/folders/t1/hcvhy4kn4wqf61nvgxt8qfpc0000gn/T//ccrwvZlu.s:129    .text:000000000000005a .Loc.33
/var/folders/t1/hcvhy4kn4wqf61nvgxt8qfpc0000gn/T//ccrwvZlu.s:130    .text:000000000000005a .Loc.34
/var/folders/t1/hcvhy4kn4wqf61nvgxt8qfpc0000gn/T//ccrwvZlu.s:135    .text:000000000000005e .Loc.35
/var/folders/t1/hcvhy4kn4wqf61nvgxt8qfpc0000gn/T//ccrwvZlu.s:137    .text:0000000000000060 .Loc.36
/var/folders/t1/hcvhy4kn4wqf61nvgxt8qfpc0000gn/T//ccrwvZlu.s:138    .text:0000000000000060 .Loc.37
/var/folders/t1/hcvhy4kn4wqf61nvgxt8qfpc0000gn/T//ccrwvZlu.s:141    .text:0000000000000062 .Loc.38
/var/folders/t1/hcvhy4kn4wqf61nvgxt8qfpc0000gn/T//ccrwvZlu.s:142    .text:0000000000000062 .Loc.39
/var/folders/t1/hcvhy4kn4wqf61nvgxt8qfpc0000gn/T//ccrwvZlu.s:146    .text:0000000000000066 .Loc.40
/var/folders/t1/hcvhy4kn4wqf61nvgxt8qfpc0000gn/T//ccrwvZlu.s:151    .text:000000000000006c .Loc.41
/var/folders/t1/hcvhy4kn4wqf61nvgxt8qfpc0000gn/T//ccrwvZlu.s:154    .text:000000000000006e .Loc.42
/var/folders/t1/hcvhy4kn4wqf61nvgxt8qfpc0000gn/T//ccrwvZlu.s:159    .text:0000000000000074 .Loc.43
/var/folders/t1/hcvhy4kn4wqf61nvgxt8qfpc0000gn/T//ccrwvZlu.s:162    .text:0000000000000078 L0
/var/folders/t1/hcvhy4kn4wqf61nvgxt8qfpc0000gn/T//ccrwvZlu.s:169    .text:0000000000000078 L0
                     .debug_frame:0000000000000000 L0
/var/folders/t1/hcvhy4kn4wqf61nvgxt8qfpc0000gn/T//ccrwvZlu.s:49     .text:0000000000000014 .L2
/var/folders/t1/hcvhy4kn4wqf61nvgxt8qfpc0000gn/T//ccrwvZlu.s:100    .text:000000000000004a .L3
/var/folders/t1/hcvhy4kn4wqf61nvgxt8qfpc0000gn/T//ccrwvZlu.s:134    .text:000000000000005e .L4
/var/folders/t1/hcvhy4kn4wqf61nvgxt8qfpc0000gn/T//ccrwvZlu.s:92     .text:0000000000000042 .L5
/var/folders/t1/hcvhy4kn4wqf61nvgxt8qfpc0000gn/T//ccrwvZlu.s:76     .text:0000000000000032 .L6
/var/folders/t1/hcvhy4kn4wqf61nvgxt8qfpc0000gn/T//ccrwvZlu.s:437    .debug_abbrev:0000000000000000 .Ldebug_abbrev0
/var/folders/t1/hcvhy4kn4wqf61nvgxt8qfpc0000gn/T//ccrwvZlu.s:8      .text:0000000000000000 .Ltext0
/var/folders/t1/hcvhy4kn4wqf61nvgxt8qfpc0000gn/T//ccrwvZlu.s:165    .text:0000000000000078 .Letext0
/var/folders/t1/hcvhy4kn4wqf61nvgxt8qfpc0000gn/T//ccrwvZlu.s:822    .debug_line:0000000000000000 .Ldebug_line0
/var/folders/t1/hcvhy4kn4wqf61nvgxt8qfpc0000gn/T//ccrwvZlu.s:14     .text:0000000000000000 .LFB19
/var/folders/t1/hcvhy4kn4wqf61nvgxt8qfpc0000gn/T//ccrwvZlu.s:163    .text:0000000000000078 .LFE19
/var/folders/t1/hcvhy4kn4wqf61nvgxt8qfpc0000gn/T//ccrwvZlu.s:667    .debug_loc:0000000000000000 .LLST0
/var/folders/t1/hcvhy4kn4wqf61nvgxt8qfpc0000gn/T//ccrwvZlu.s:709    .debug_loc:0000000000000051 .LLST1
/var/folders/t1/hcvhy4kn4wqf61nvgxt8qfpc0000gn/T//ccrwvZlu.s:700    .debug_loc:0000000000000049 .LVUS1
/var/folders/t1/hcvhy4kn4wqf61nvgxt8qfpc0000gn/T//ccrwvZlu.s:752    .debug_loc:000000000000009c .LLST2
/var/folders/t1/hcvhy4kn4wqf61nvgxt8qfpc0000gn/T//ccrwvZlu.s:745    .debug_loc:0000000000000096 .LVUS2
/var/folders/t1/hcvhy4kn4wqf61nvgxt8qfpc0000gn/T//ccrwvZlu.s:775    .debug_loc:00000000000000cc .LLST3
/var/folders/t1/hcvhy4kn4wqf61nvgxt8qfpc0000gn/T//ccrwvZlu.s:770    .debug_loc:00000000000000c8 .LVUS3
/var/folders/t1/hcvhy4kn4wqf61nvgxt8qfpc0000gn/T//ccrwvZlu.s:102    .text:000000000000004a .LBB2
/var/folders/t1/hcvhy4kn4wqf61nvgxt8qfpc0000gn/T//ccrwvZlu.s:121    .text:0000000000000054 .LBE2
/var/folders/t1/hcvhy4kn4wqf61nvgxt8qfpc0000gn/T//ccrwvZlu.s:790    .debug_loc:00000000000000ed .LLST4
/var/folders/t1/hcvhy4kn4wqf61nvgxt8qfpc0000gn/T//ccrwvZlu.s:787    .debug_loc:00000000000000eb .LVUS4
/var/folders/t1/hcvhy4kn4wqf61nvgxt8qfpc0000gn/T//ccrwvZlu.s:802    .debug_loc:0000000000000104 .LLST5
/var/folders/t1/hcvhy4kn4wqf61nvgxt8qfpc0000gn/T//ccrwvZlu.s:799    .debug_loc:0000000000000102 .LVUS5
/var/folders/t1/hcvhy4kn4wqf61nvgxt8qfpc0000gn/T//ccrwvZlu.s:47     .text:0000000000000014 .LVL2
/var/folders/t1/hcvhy4kn4wqf61nvgxt8qfpc0000gn/T//ccrwvZlu.s:55     .text:000000000000001a .LVL3
/var/folders/t1/hcvhy4kn4wqf61nvgxt8qfpc0000gn/T//ccrwvZlu.s:64     .text:0000000000000028 .LVL4
/var/folders/t1/hcvhy4kn4wqf61nvgxt8qfpc0000gn/T//ccrwvZlu.s:69     .text:0000000000000030 .LVL5
/var/folders/t1/hcvhy4kn4wqf61nvgxt8qfpc0000gn/T//ccrwvZlu.s:82     .text:000000000000003a .LVL7
/var/folders/t1/hcvhy4kn4wqf61nvgxt8qfpc0000gn/T//ccrwvZlu.s:86     .text:0000000000000040 .LVL8
/var/folders/t1/hcvhy4kn4wqf61nvgxt8qfpc0000gn/T//ccrwvZlu.s:124    .text:0000000000000058 .LVL13
/var/folders/t1/hcvhy4kn4wqf61nvgxt8qfpc0000gn/T//ccrwvZlu.s:161    .text:0000000000000078 .LVL20
/var/folders/t1/hcvhy4kn4wqf61nvgxt8qfpc0000gn/T//ccrwvZlu.s:20     .text:0000000000000002 .LCFI0
/var/folders/t1/hcvhy4kn4wqf61nvgxt8qfpc0000gn/T//ccrwvZlu.s:24     .text:0000000000000004 .LCFI1
/var/folders/t1/hcvhy4kn4wqf61nvgxt8qfpc0000gn/T//ccrwvZlu.s:28     .text:0000000000000006 .LCFI2
/var/folders/t1/hcvhy4kn4wqf61nvgxt8qfpc0000gn/T//ccrwvZlu.s:32     .text:0000000000000008 .LCFI3
/var/folders/t1/hcvhy4kn4wqf61nvgxt8qfpc0000gn/T//ccrwvZlu.s:13     .text:0000000000000000 .LVL0
/var/folders/t1/hcvhy4kn4wqf61nvgxt8qfpc0000gn/T//ccrwvZlu.s:44     .text:0000000000000010 .LVL1
/var/folders/t1/hcvhy4kn4wqf61nvgxt8qfpc0000gn/T//ccrwvZlu.s:104    .text:000000000000004a .LVL10
/var/folders/t1/hcvhy4kn4wqf61nvgxt8qfpc0000gn/T//ccrwvZlu.s:108    .text:000000000000004e .LVL11
/var/folders/t1/hcvhy4kn4wqf61nvgxt8qfpc0000gn/T//ccrwvZlu.s:158    .text:0000000000000074 .LVL19
/var/folders/t1/hcvhy4kn4wqf61nvgxt8qfpc0000gn/T//ccrwvZlu.s:75     .text:0000000000000032 .LVL6
/var/folders/t1/hcvhy4kn4wqf61nvgxt8qfpc0000gn/T//ccrwvZlu.s:145    .text:0000000000000066 .LVL17
/var/folders/t1/hcvhy4kn4wqf61nvgxt8qfpc0000gn/T//ccrwvZlu.s:91     .text:0000000000000042 .LVL9
/var/folders/t1/hcvhy4kn4wqf61nvgxt8qfpc0000gn/T//ccrwvZlu.s:153    .text:000000000000006e .LVL18
/var/folders/t1/hcvhy4kn4wqf61nvgxt8qfpc0000gn/T//ccrwvZlu.s:133    .text:000000000000005e .LVL15
/var/folders/t1/hcvhy4kn4wqf61nvgxt8qfpc0000gn/T//ccrwvZlu.s:118    .text:0000000000000054 .LVL12
/var/folders/t1/hcvhy4kn4wqf61nvgxt8qfpc0000gn/T//ccrwvZlu.s:170    .debug_info:0000000000000000 .Ldebug_info0

UNDEFINED SYMBOLS
mcp2515_bit_modify
mcp2515_read_register
mcp2515_write_register
spi_putc
