   1               		.file	"mcp2515_error_register.c"
   2               	__SP_H__ = 0x3e
   3               	__SP_L__ = 0x3d
   4               	__SREG__ = 0x3f
   5               	__tmp_reg__ = 0
   6               	__zero_reg__ = 1
   7               		.text
   8               	.Ltext0:
   9               		.cfi_sections	.debug_frame
  10               	.global	can_read_error_register
  12               	can_read_error_register:
  13               	.LFB19:
  14               		.file 1 "mcp2515_error_register.c"
   1:mcp2515_error_register.c **** // ----------------------------------------------------------------------------
   2:mcp2515_error_register.c **** /*
   3:mcp2515_error_register.c ****  * Copyright (c) 2007 Fabian Greif, Roboterclub Aachen e.V.
   4:mcp2515_error_register.c ****  *  All rights reserved.
   5:mcp2515_error_register.c ****  *
   6:mcp2515_error_register.c ****  * Redistribution and use in source and binary forms, with or without
   7:mcp2515_error_register.c ****  * modification, are permitted provided that the following conditions
   8:mcp2515_error_register.c ****  * are met:
   9:mcp2515_error_register.c ****  * 1. Redistributions of source code must retain the above copyright
  10:mcp2515_error_register.c ****  *    notice, this list of conditions and the following disclaimer.
  11:mcp2515_error_register.c ****  * 2. Redistributions in binary form must reproduce the above copyright
  12:mcp2515_error_register.c ****  *    notice, this list of conditions and the following disclaimer in the
  13:mcp2515_error_register.c ****  *    documentation and/or other materials provided with the distribution.
  14:mcp2515_error_register.c ****  *
  15:mcp2515_error_register.c ****  * THIS SOFTWARE IS PROVIDED BY THE AUTHOR AND CONTRIBUTORS ``AS IS'' AND
  16:mcp2515_error_register.c ****  * ANY EXPRESS OR IMPLIED WARRANTIES, INCLUDING, BUT NOT LIMITED TO, THE
  17:mcp2515_error_register.c ****  * IMPLIED WARRANTIES OF MERCHANTABILITY AND FITNESS FOR A PARTICULAR PURPOSE
  18:mcp2515_error_register.c ****  * ARE DISCLAIMED.  IN NO EVENT SHALL THE REGENTS OR CONTRIBUTORS BE LIABLE
  19:mcp2515_error_register.c ****  * FOR ANY DIRECT, INDIRECT, INCIDENTAL, SPECIAL, EXEMPLARY, OR CONSEQUENTIAL
  20:mcp2515_error_register.c ****  * DAMAGES (INCLUDING, BUT NOT LIMITED TO, PROCUREMENT OF SUBSTITUTE GOODS
  21:mcp2515_error_register.c ****  * OR SERVICES; LOSS OF USE, DATA, OR PROFITS; OR BUSINESS INTERRUPTION)
  22:mcp2515_error_register.c ****  * HOWEVER CAUSED AND ON ANY THEORY OF LIABILITY, WHETHER IN CONTRACT, STRICT
  23:mcp2515_error_register.c ****  * LIABILITY, OR TORT (INCLUDING NEGLIGENCE OR OTHERWISE) ARISING IN ANY WAY
  24:mcp2515_error_register.c ****  * OUT OF THE USE OF THIS SOFTWARE, EVEN IF ADVISED OF THE POSSIBILITY OF
  25:mcp2515_error_register.c ****  * SUCH DAMAGE.
  26:mcp2515_error_register.c ****  *
  27:mcp2515_error_register.c ****  * $Id: mcp2515_error_register.c 6837 2008-11-16 19:05:15Z fabian $
  28:mcp2515_error_register.c ****  */
  29:mcp2515_error_register.c **** // ----------------------------------------------------------------------------
  30:mcp2515_error_register.c **** 
  31:mcp2515_error_register.c **** #include "mcp2515_private.h"
  32:mcp2515_error_register.c **** #ifdef	SUPPORT_FOR_MCP2515__
  33:mcp2515_error_register.c **** 
  34:mcp2515_error_register.c **** // ----------------------------------------------------------------------------
  35:mcp2515_error_register.c **** can_error_register_t mcp2515_read_error_register(void)
  36:mcp2515_error_register.c **** {
  15               		.loc 1 36 1 view -0
  16               		.cfi_startproc
  17 0000 CF93      		push r28
  18               	.LCFI0:
  19               		.cfi_def_cfa_offset 3
  20               		.cfi_offset 28, -2
  21               	/* prologue: function */
  22               	/* frame size = 0 */
  23               	/* stack size = 1 */
  24               	.L__stack_usage = 1
  37:mcp2515_error_register.c **** 	can_error_register_t error;
  25               		.loc 1 37 2 view .LVU1
  38:mcp2515_error_register.c **** 	
  39:mcp2515_error_register.c **** 	error.tx = mcp2515_read_register(TEC);
  26               		.loc 1 39 2 view .LVU2
  27               		.loc 1 39 13 is_stmt 0 view .LVU3
  28 0002 8CE1      		ldi r24,lo8(28)
  29 0004 0E94 0000 		call mcp2515_read_register
  30               	.LVL0:
  31 0008 C82F      		mov r28,r24
  32               	.LVL1:
  40:mcp2515_error_register.c **** 	error.rx = mcp2515_read_register(REC);
  33               		.loc 1 40 2 is_stmt 1 view .LVU4
  34               		.loc 1 40 13 is_stmt 0 view .LVU5
  35 000a 8DE1      		ldi r24,lo8(29)
  36               	.LVL2:
  37               		.loc 1 40 13 view .LVU6
  38 000c 0E94 0000 		call mcp2515_read_register
  39               	.LVL3:
  41:mcp2515_error_register.c **** 	
  42:mcp2515_error_register.c **** 	return error;
  40               		.loc 1 42 2 is_stmt 1 view .LVU7
  43:mcp2515_error_register.c **** }
  41               		.loc 1 43 1 is_stmt 0 view .LVU8
  42 0010 9C2F      		mov r25,r28
  43               	/* epilogue start */
  44 0012 CF91      		pop r28
  45 0014 0895      		ret
  46               		.cfi_endproc
  47               	.LFE19:
  49               	.Letext0:
  50               		.file 2 "../can.h"
  51               		.file 3 "/opt/homebrew/Cellar/avr-gcc@9/9.3.0_3/avr/include/stdint.h"
  52               		.file 4 "mcp2515_private.h"
DEFINED SYMBOLS
                            *ABS*:0000000000000000 mcp2515_error_register.c
/var/folders/t1/hcvhy4kn4wqf61nvgxt8qfpc0000gn/T//ccK245r8.s:2      *ABS*:000000000000003e __SP_H__
/var/folders/t1/hcvhy4kn4wqf61nvgxt8qfpc0000gn/T//ccK245r8.s:3      *ABS*:000000000000003d __SP_L__
/var/folders/t1/hcvhy4kn4wqf61nvgxt8qfpc0000gn/T//ccK245r8.s:4      *ABS*:000000000000003f __SREG__
/var/folders/t1/hcvhy4kn4wqf61nvgxt8qfpc0000gn/T//ccK245r8.s:5      *ABS*:0000000000000000 __tmp_reg__
/var/folders/t1/hcvhy4kn4wqf61nvgxt8qfpc0000gn/T//ccK245r8.s:6      *ABS*:0000000000000001 __zero_reg__
/var/folders/t1/hcvhy4kn4wqf61nvgxt8qfpc0000gn/T//ccK245r8.s:12     .text:0000000000000000 can_read_error_register
/var/folders/t1/hcvhy4kn4wqf61nvgxt8qfpc0000gn/T//ccK245r8.s:15     .text:0000000000000000 .Loc.0
/var/folders/t1/hcvhy4kn4wqf61nvgxt8qfpc0000gn/T//ccK245r8.s:16     .text:0000000000000000 L0
/var/folders/t1/hcvhy4kn4wqf61nvgxt8qfpc0000gn/T//ccK245r8.s:25     .text:0000000000000002 .Loc.1
/var/folders/t1/hcvhy4kn4wqf61nvgxt8qfpc0000gn/T//ccK245r8.s:26     .text:0000000000000002 .Loc.2
/var/folders/t1/hcvhy4kn4wqf61nvgxt8qfpc0000gn/T//ccK245r8.s:27     .text:0000000000000002 .Loc.3
/var/folders/t1/hcvhy4kn4wqf61nvgxt8qfpc0000gn/T//ccK245r8.s:33     .text:000000000000000a .Loc.4
/var/folders/t1/hcvhy4kn4wqf61nvgxt8qfpc0000gn/T//ccK245r8.s:34     .text:000000000000000a .Loc.5
/var/folders/t1/hcvhy4kn4wqf61nvgxt8qfpc0000gn/T//ccK245r8.s:37     .text:000000000000000c .Loc.6
/var/folders/t1/hcvhy4kn4wqf61nvgxt8qfpc0000gn/T//ccK245r8.s:40     .text:0000000000000010 .Loc.7
/var/folders/t1/hcvhy4kn4wqf61nvgxt8qfpc0000gn/T//ccK245r8.s:41     .text:0000000000000010 .Loc.8
/var/folders/t1/hcvhy4kn4wqf61nvgxt8qfpc0000gn/T//ccK245r8.s:46     .text:0000000000000016 L0
/var/folders/t1/hcvhy4kn4wqf61nvgxt8qfpc0000gn/T//ccK245r8.s:53     .text:0000000000000016 L0
                     .debug_frame:0000000000000000 L0
/var/folders/t1/hcvhy4kn4wqf61nvgxt8qfpc0000gn/T//ccK245r8.s:191    .debug_abbrev:0000000000000000 .Ldebug_abbrev0
/var/folders/t1/hcvhy4kn4wqf61nvgxt8qfpc0000gn/T//ccK245r8.s:8      .text:0000000000000000 .Ltext0
/var/folders/t1/hcvhy4kn4wqf61nvgxt8qfpc0000gn/T//ccK245r8.s:49     .text:0000000000000016 .Letext0
/var/folders/t1/hcvhy4kn4wqf61nvgxt8qfpc0000gn/T//ccK245r8.s:457    .debug_line:0000000000000000 .Ldebug_line0
/var/folders/t1/hcvhy4kn4wqf61nvgxt8qfpc0000gn/T//ccK245r8.s:13     .text:0000000000000000 .LFB19
/var/folders/t1/hcvhy4kn4wqf61nvgxt8qfpc0000gn/T//ccK245r8.s:47     .text:0000000000000016 .LFE19
/var/folders/t1/hcvhy4kn4wqf61nvgxt8qfpc0000gn/T//ccK245r8.s:394    .debug_loc:0000000000000000 .LLST0
/var/folders/t1/hcvhy4kn4wqf61nvgxt8qfpc0000gn/T//ccK245r8.s:416    .debug_loc:0000000000000028 .LLST1
/var/folders/t1/hcvhy4kn4wqf61nvgxt8qfpc0000gn/T//ccK245r8.s:409    .debug_loc:0000000000000022 .LVUS1
/var/folders/t1/hcvhy4kn4wqf61nvgxt8qfpc0000gn/T//ccK245r8.s:30     .text:0000000000000008 .LVL0
/var/folders/t1/hcvhy4kn4wqf61nvgxt8qfpc0000gn/T//ccK245r8.s:39     .text:0000000000000010 .LVL3
/var/folders/t1/hcvhy4kn4wqf61nvgxt8qfpc0000gn/T//ccK245r8.s:18     .text:0000000000000002 .LCFI0
/var/folders/t1/hcvhy4kn4wqf61nvgxt8qfpc0000gn/T//ccK245r8.s:32     .text:000000000000000a .LVL1
/var/folders/t1/hcvhy4kn4wqf61nvgxt8qfpc0000gn/T//ccK245r8.s:36     .text:000000000000000c .LVL2
/var/folders/t1/hcvhy4kn4wqf61nvgxt8qfpc0000gn/T//ccK245r8.s:54     .debug_info:0000000000000000 .Ldebug_info0

UNDEFINED SYMBOLS
mcp2515_read_register
