   1               		.file	"mcp2515_set_mode.c"
   2               	__SP_H__ = 0x3e
   3               	__SP_L__ = 0x3d
   4               	__SREG__ = 0x3f
   5               	__tmp_reg__ = 0
   6               	__zero_reg__ = 1
   7               		.text
   8               	.Ltext0:
   9               		.cfi_sections	.debug_frame
  10               	.global	can_set_mode
  12               	can_set_mode:
  13               	.LVL0:
  14               	.LFB19:
  15               		.file 1 "mcp2515_set_mode.c"
   1:mcp2515_set_mode.c **** // ----------------------------------------------------------------------------
   2:mcp2515_set_mode.c **** /*
   3:mcp2515_set_mode.c ****  * Copyright (c) 2007 Fabian Greif, Roboterclub Aachen e.V.
   4:mcp2515_set_mode.c ****  *  All rights reserved.
   5:mcp2515_set_mode.c ****  *
   6:mcp2515_set_mode.c ****  * Redistribution and use in source and binary forms, with or without
   7:mcp2515_set_mode.c ****  * modification, are permitted provided that the following conditions
   8:mcp2515_set_mode.c ****  * are met:
   9:mcp2515_set_mode.c ****  * 1. Redistributions of source code must retain the above copyright
  10:mcp2515_set_mode.c ****  *    notice, this list of conditions and the following disclaimer.
  11:mcp2515_set_mode.c ****  * 2. Redistributions in binary form must reproduce the above copyright
  12:mcp2515_set_mode.c ****  *    notice, this list of conditions and the following disclaimer in the
  13:mcp2515_set_mode.c ****  *    documentation and/or other materials provided with the distribution.
  14:mcp2515_set_mode.c ****  *
  15:mcp2515_set_mode.c ****  * THIS SOFTWARE IS PROVIDED BY THE AUTHOR AND CONTRIBUTORS ``AS IS'' AND
  16:mcp2515_set_mode.c ****  * ANY EXPRESS OR IMPLIED WARRANTIES, INCLUDING, BUT NOT LIMITED TO, THE
  17:mcp2515_set_mode.c ****  * IMPLIED WARRANTIES OF MERCHANTABILITY AND FITNESS FOR A PARTICULAR PURPOSE
  18:mcp2515_set_mode.c ****  * ARE DISCLAIMED.  IN NO EVENT SHALL THE REGENTS OR CONTRIBUTORS BE LIABLE
  19:mcp2515_set_mode.c ****  * FOR ANY DIRECT, INDIRECT, INCIDENTAL, SPECIAL, EXEMPLARY, OR CONSEQUENTIAL
  20:mcp2515_set_mode.c ****  * DAMAGES (INCLUDING, BUT NOT LIMITED TO, PROCUREMENT OF SUBSTITUTE GOODS
  21:mcp2515_set_mode.c ****  * OR SERVICES; LOSS OF USE, DATA, OR PROFITS; OR BUSINESS INTERRUPTION)
  22:mcp2515_set_mode.c ****  * HOWEVER CAUSED AND ON ANY THEORY OF LIABILITY, WHETHER IN CONTRACT, STRICT
  23:mcp2515_set_mode.c ****  * LIABILITY, OR TORT (INCLUDING NEGLIGENCE OR OTHERWISE) ARISING IN ANY WAY
  24:mcp2515_set_mode.c ****  * OUT OF THE USE OF THIS SOFTWARE, EVEN IF ADVISED OF THE POSSIBILITY OF
  25:mcp2515_set_mode.c ****  * SUCH DAMAGE.
  26:mcp2515_set_mode.c ****  *
  27:mcp2515_set_mode.c ****  * $Id: mcp2515_set_mode.c 8086 2009-07-14 14:08:25Z fabian $
  28:mcp2515_set_mode.c ****  */
  29:mcp2515_set_mode.c **** // ----------------------------------------------------------------------------
  30:mcp2515_set_mode.c **** 
  31:mcp2515_set_mode.c **** #include "mcp2515_private.h"
  32:mcp2515_set_mode.c **** #ifdef	SUPPORT_FOR_MCP2515__
  33:mcp2515_set_mode.c **** 
  34:mcp2515_set_mode.c **** // ----------------------------------------------------------------------------
  35:mcp2515_set_mode.c **** void
  36:mcp2515_set_mode.c **** mcp2515_set_mode(can_mode_t mode)
  37:mcp2515_set_mode.c **** {
  16               		.loc 1 37 1 view -0
  17               		.cfi_startproc
  18               		.loc 1 37 1 is_stmt 0 view .LVU1
  19 0000 CF93      		push r28
  20               	.LCFI0:
  21               		.cfi_def_cfa_offset 3
  22               		.cfi_offset 28, -2
  23               	/* prologue: function */
  24               	/* frame size = 0 */
  25               	/* stack size = 1 */
  26               	.L__stack_usage = 1
  38:mcp2515_set_mode.c **** 	uint8_t reg = 0;
  27               		.loc 1 38 2 is_stmt 1 view .LVU2
  28               	.LVL1:
  39:mcp2515_set_mode.c **** 	
  40:mcp2515_set_mode.c **** 	if (mode == LISTEN_ONLY_MODE) {
  29               		.loc 1 40 2 view .LVU3
  41:mcp2515_set_mode.c **** 		reg = (1<<REQOP1)|(1<<REQOP0);
  30               		.loc 1 41 7 is_stmt 0 view .LVU4
  31 0002 C0E6      		ldi r28,lo8(96)
  40:mcp2515_set_mode.c **** 		reg = (1<<REQOP1)|(1<<REQOP0);
  32               		.loc 1 40 5 view .LVU5
  33 0004 8823      		tst r24
  34 0006 01F0      		breq .L2
  42:mcp2515_set_mode.c **** 	}
  43:mcp2515_set_mode.c **** 	else if (mode == LOOPBACK_MODE) {
  35               		.loc 1 43 7 is_stmt 1 view .LVU6
  44:mcp2515_set_mode.c **** 		reg = (1<<REQOP1);
  36               		.loc 1 44 7 is_stmt 0 view .LVU7
  37 0008 C0E4      		ldi r28,lo8(64)
  43:mcp2515_set_mode.c **** 		reg = (1<<REQOP1);
  38               		.loc 1 43 10 view .LVU8
  39 000a 8130      		cpi r24,lo8(1)
  40 000c 01F0      		breq .L2
  45:mcp2515_set_mode.c **** 	}
  46:mcp2515_set_mode.c **** 	else if (mode == SLEEP_MODE) {
  41               		.loc 1 46 7 is_stmt 1 view .LVU9
  47:mcp2515_set_mode.c **** 		reg = (1<<REQOP0);
  42               		.loc 1 47 7 is_stmt 0 view .LVU10
  43 000e C0E2      		ldi r28,lo8(32)
  46:mcp2515_set_mode.c **** 		reg = (1<<REQOP0);
  44               		.loc 1 46 10 view .LVU11
  45 0010 8330      		cpi r24,lo8(3)
  46 0012 01F0      		breq .L2
  38:mcp2515_set_mode.c **** 	
  47               		.loc 1 38 10 view .LVU12
  48 0014 C0E0      		ldi r28,0
  49               	.L2:
  50               	.LVL2:
  48:mcp2515_set_mode.c **** 	}
  49:mcp2515_set_mode.c **** 		
  50:mcp2515_set_mode.c **** 	// set the new mode
  51:mcp2515_set_mode.c **** 	mcp2515_bit_modify(CANCTRL, (1<<REQOP2)|(1<<REQOP1)|(1<<REQOP0), reg);
  51               		.loc 1 51 2 is_stmt 1 view .LVU13
  52 0016 4C2F      		mov r20,r28
  53 0018 60EE      		ldi r22,lo8(-32)
  54 001a 8FE0      		ldi r24,lo8(15)
  55               	.LVL3:
  56               		.loc 1 51 2 is_stmt 0 view .LVU14
  57 001c 0E94 0000 		call mcp2515_bit_modify
  58               	.LVL4:
  52:mcp2515_set_mode.c **** 	while ((mcp2515_read_register(CANSTAT) & 0xe0) != reg) {
  59               		.loc 1 52 2 is_stmt 1 view .LVU15
  60               	.L3:
  53:mcp2515_set_mode.c **** 		// wait for the new mode to become active
  54:mcp2515_set_mode.c **** 	}
  61               		.loc 1 54 2 discriminator 1 view .LVU16
  52:mcp2515_set_mode.c **** 	while ((mcp2515_read_register(CANSTAT) & 0xe0) != reg) {
  62               		.loc 1 52 8 discriminator 1 view .LVU17
  52:mcp2515_set_mode.c **** 	while ((mcp2515_read_register(CANSTAT) & 0xe0) != reg) {
  63               		.loc 1 52 10 is_stmt 0 discriminator 1 view .LVU18
  64 0020 8EE0      		ldi r24,lo8(14)
  65 0022 0E94 0000 		call mcp2515_read_register
  66               	.LVL5:
  52:mcp2515_set_mode.c **** 	while ((mcp2515_read_register(CANSTAT) & 0xe0) != reg) {
  67               		.loc 1 52 8 discriminator 1 view .LVU19
  68 0026 807E      		andi r24,lo8(-32)
  69 0028 C813      		cpse r28,r24
  70 002a 00C0      		rjmp .L3
  71               	/* epilogue start */
  55:mcp2515_set_mode.c **** }
  72               		.loc 1 55 1 view .LVU20
  73 002c CF91      		pop r28
  74               	.LVL6:
  75               		.loc 1 55 1 view .LVU21
  76 002e 0895      		ret
  77               		.cfi_endproc
  78               	.LFE19:
  80               	.Letext0:
  81               		.file 2 "/opt/homebrew/Cellar/avr-gcc@9/9.3.0_3/avr/include/stdint.h"
  82               		.file 3 "../can.h"
  83               		.file 4 "mcp2515_private.h"
DEFINED SYMBOLS
                            *ABS*:0000000000000000 mcp2515_set_mode.c
/var/folders/t1/hcvhy4kn4wqf61nvgxt8qfpc0000gn/T//cc2SazAP.s:2      *ABS*:000000000000003e __SP_H__
/var/folders/t1/hcvhy4kn4wqf61nvgxt8qfpc0000gn/T//cc2SazAP.s:3      *ABS*:000000000000003d __SP_L__
/var/folders/t1/hcvhy4kn4wqf61nvgxt8qfpc0000gn/T//cc2SazAP.s:4      *ABS*:000000000000003f __SREG__
/var/folders/t1/hcvhy4kn4wqf61nvgxt8qfpc0000gn/T//cc2SazAP.s:5      *ABS*:0000000000000000 __tmp_reg__
/var/folders/t1/hcvhy4kn4wqf61nvgxt8qfpc0000gn/T//cc2SazAP.s:6      *ABS*:0000000000000001 __zero_reg__
/var/folders/t1/hcvhy4kn4wqf61nvgxt8qfpc0000gn/T//cc2SazAP.s:12     .text:0000000000000000 can_set_mode
/var/folders/t1/hcvhy4kn4wqf61nvgxt8qfpc0000gn/T//cc2SazAP.s:16     .text:0000000000000000 .Loc.0
/var/folders/t1/hcvhy4kn4wqf61nvgxt8qfpc0000gn/T//cc2SazAP.s:17     .text:0000000000000000 L0
/var/folders/t1/hcvhy4kn4wqf61nvgxt8qfpc0000gn/T//cc2SazAP.s:18     .text:0000000000000000 .Loc.1
/var/folders/t1/hcvhy4kn4wqf61nvgxt8qfpc0000gn/T//cc2SazAP.s:27     .text:0000000000000002 .Loc.2
/var/folders/t1/hcvhy4kn4wqf61nvgxt8qfpc0000gn/T//cc2SazAP.s:29     .text:0000000000000002 .Loc.3
/var/folders/t1/hcvhy4kn4wqf61nvgxt8qfpc0000gn/T//cc2SazAP.s:30     .text:0000000000000002 .Loc.4
/var/folders/t1/hcvhy4kn4wqf61nvgxt8qfpc0000gn/T//cc2SazAP.s:32     .text:0000000000000004 .Loc.5
/var/folders/t1/hcvhy4kn4wqf61nvgxt8qfpc0000gn/T//cc2SazAP.s:35     .text:0000000000000008 .Loc.6
/var/folders/t1/hcvhy4kn4wqf61nvgxt8qfpc0000gn/T//cc2SazAP.s:36     .text:0000000000000008 .Loc.7
/var/folders/t1/hcvhy4kn4wqf61nvgxt8qfpc0000gn/T//cc2SazAP.s:38     .text:000000000000000a .Loc.8
/var/folders/t1/hcvhy4kn4wqf61nvgxt8qfpc0000gn/T//cc2SazAP.s:41     .text:000000000000000e .Loc.9
/var/folders/t1/hcvhy4kn4wqf61nvgxt8qfpc0000gn/T//cc2SazAP.s:42     .text:000000000000000e .Loc.10
/var/folders/t1/hcvhy4kn4wqf61nvgxt8qfpc0000gn/T//cc2SazAP.s:44     .text:0000000000000010 .Loc.11
/var/folders/t1/hcvhy4kn4wqf61nvgxt8qfpc0000gn/T//cc2SazAP.s:47     .text:0000000000000014 .Loc.12
/var/folders/t1/hcvhy4kn4wqf61nvgxt8qfpc0000gn/T//cc2SazAP.s:51     .text:0000000000000016 .Loc.13
/var/folders/t1/hcvhy4kn4wqf61nvgxt8qfpc0000gn/T//cc2SazAP.s:56     .text:000000000000001c .Loc.14
/var/folders/t1/hcvhy4kn4wqf61nvgxt8qfpc0000gn/T//cc2SazAP.s:59     .text:0000000000000020 .Loc.15
/var/folders/t1/hcvhy4kn4wqf61nvgxt8qfpc0000gn/T//cc2SazAP.s:61     .text:0000000000000020 .Loc.16
/var/folders/t1/hcvhy4kn4wqf61nvgxt8qfpc0000gn/T//cc2SazAP.s:62     .text:0000000000000020 .Loc.17
/var/folders/t1/hcvhy4kn4wqf61nvgxt8qfpc0000gn/T//cc2SazAP.s:63     .text:0000000000000020 .Loc.18
/var/folders/t1/hcvhy4kn4wqf61nvgxt8qfpc0000gn/T//cc2SazAP.s:67     .text:0000000000000026 .Loc.19
/var/folders/t1/hcvhy4kn4wqf61nvgxt8qfpc0000gn/T//cc2SazAP.s:72     .text:000000000000002c .Loc.20
/var/folders/t1/hcvhy4kn4wqf61nvgxt8qfpc0000gn/T//cc2SazAP.s:75     .text:000000000000002e .Loc.21
/var/folders/t1/hcvhy4kn4wqf61nvgxt8qfpc0000gn/T//cc2SazAP.s:77     .text:0000000000000030 L0
/var/folders/t1/hcvhy4kn4wqf61nvgxt8qfpc0000gn/T//cc2SazAP.s:84     .text:0000000000000030 L0
                     .debug_frame:0000000000000000 L0
/var/folders/t1/hcvhy4kn4wqf61nvgxt8qfpc0000gn/T//cc2SazAP.s:49     .text:0000000000000016 .L2
/var/folders/t1/hcvhy4kn4wqf61nvgxt8qfpc0000gn/T//cc2SazAP.s:60     .text:0000000000000020 .L3
/var/folders/t1/hcvhy4kn4wqf61nvgxt8qfpc0000gn/T//cc2SazAP.s:245    .debug_abbrev:0000000000000000 .Ldebug_abbrev0
/var/folders/t1/hcvhy4kn4wqf61nvgxt8qfpc0000gn/T//cc2SazAP.s:8      .text:0000000000000000 .Ltext0
/var/folders/t1/hcvhy4kn4wqf61nvgxt8qfpc0000gn/T//cc2SazAP.s:80     .text:0000000000000030 .Letext0
/var/folders/t1/hcvhy4kn4wqf61nvgxt8qfpc0000gn/T//cc2SazAP.s:525    .debug_line:0000000000000000 .Ldebug_line0
/var/folders/t1/hcvhy4kn4wqf61nvgxt8qfpc0000gn/T//cc2SazAP.s:14     .text:0000000000000000 .LFB19
/var/folders/t1/hcvhy4kn4wqf61nvgxt8qfpc0000gn/T//cc2SazAP.s:78     .text:0000000000000030 .LFE19
/var/folders/t1/hcvhy4kn4wqf61nvgxt8qfpc0000gn/T//cc2SazAP.s:461    .debug_loc:0000000000000000 .LLST0
/var/folders/t1/hcvhy4kn4wqf61nvgxt8qfpc0000gn/T//cc2SazAP.s:481    .debug_loc:0000000000000026 .LLST1
/var/folders/t1/hcvhy4kn4wqf61nvgxt8qfpc0000gn/T//cc2SazAP.s:476    .debug_loc:0000000000000022 .LVUS1
/var/folders/t1/hcvhy4kn4wqf61nvgxt8qfpc0000gn/T//cc2SazAP.s:500    .debug_loc:000000000000004b .LLST2
/var/folders/t1/hcvhy4kn4wqf61nvgxt8qfpc0000gn/T//cc2SazAP.s:495    .debug_loc:0000000000000047 .LVUS2
/var/folders/t1/hcvhy4kn4wqf61nvgxt8qfpc0000gn/T//cc2SazAP.s:58     .text:0000000000000020 .LVL4
/var/folders/t1/hcvhy4kn4wqf61nvgxt8qfpc0000gn/T//cc2SazAP.s:66     .text:0000000000000026 .LVL5
/var/folders/t1/hcvhy4kn4wqf61nvgxt8qfpc0000gn/T//cc2SazAP.s:20     .text:0000000000000002 .LCFI0
/var/folders/t1/hcvhy4kn4wqf61nvgxt8qfpc0000gn/T//cc2SazAP.s:13     .text:0000000000000000 .LVL0
/var/folders/t1/hcvhy4kn4wqf61nvgxt8qfpc0000gn/T//cc2SazAP.s:55     .text:000000000000001c .LVL3
/var/folders/t1/hcvhy4kn4wqf61nvgxt8qfpc0000gn/T//cc2SazAP.s:28     .text:0000000000000002 .LVL1
/var/folders/t1/hcvhy4kn4wqf61nvgxt8qfpc0000gn/T//cc2SazAP.s:50     .text:0000000000000016 .LVL2
/var/folders/t1/hcvhy4kn4wqf61nvgxt8qfpc0000gn/T//cc2SazAP.s:74     .text:000000000000002e .LVL6
/var/folders/t1/hcvhy4kn4wqf61nvgxt8qfpc0000gn/T//cc2SazAP.s:85     .debug_info:0000000000000000 .Ldebug_info0

UNDEFINED SYMBOLS
mcp2515_bit_modify
mcp2515_read_register
